ARM GAS  C:\Users\mathi\AppData\Local\Temp\cc901l5g.s 			page 1


   1              		.cpu cortex-m4
   2              		.eabi_attribute 27, 1
   3              		.eabi_attribute 28, 1
   4              		.eabi_attribute 20, 1
   5              		.eabi_attribute 21, 1
   6              		.eabi_attribute 23, 3
   7              		.eabi_attribute 24, 1
   8              		.eabi_attribute 25, 1
   9              		.eabi_attribute 26, 1
  10              		.eabi_attribute 30, 2
  11              		.eabi_attribute 34, 1
  12              		.eabi_attribute 18, 4
  13              		.file	"crc16.c"
  14              		.text
  15              	.Ltext0:
  16              		.cfi_sections	.debug_frame
  17              		.section	.text.crc16,"ax",%progbits
  18              		.align	1
  19              		.p2align 4,,15
  20              		.global	crc16
  21              		.syntax unified
  22              		.thumb
  23              		.thumb_func
  24              		.fpu fpv4-sp-d16
  25              		.type	crc16, %function
  26              	crc16:
  27              	.LFB0:
  28              		.file 1 "../../lib/e-puck2_main-processor/src/crc/crc16.c"
  29              		.loc 1 8 0
  30              		.cfi_startproc
  31              		@ args = 0, pretend = 0, frame = 8
  32              		@ frame_needed = 0, uses_anonymous_args = 0
  33              	.LVL0:
  34 0000 30B5     		push	{r4, r5, lr}
  35              		.cfi_def_cfa_offset 12
  36              		.cfi_offset 4, -12
  37              		.cfi_offset 5, -8
  38              		.cfi_offset 14, -4
  39 0002 1E4C     		ldr	r4, .L40
  40 0004 83B0     		sub	sp, sp, #12
  41              		.cfi_def_cfa_offset 24
  42              		.loc 1 8 0
  43 0006 2368     		ldr	r3, [r4]
  44 0008 0193     		str	r3, [sp, #4]
  45              	.LVL1:
  46 000a 0A44     		add	r2, r2, r1
  47              	.LVL2:
  48              	.LBB2:
  49              		.loc 1 16 0
  50 000c 4AF20105 		movw	r5, #40961
  51              	.LBE2:
  52              		.loc 1 11 0
  53 0010 29E0     		b	.L2
  54              	.LVL3:
  55              	.L11:
  56              	.LBB3:
  57              		.loc 1 13 0
ARM GAS  C:\Users\mathi\AppData\Local\Temp\cc901l5g.s 			page 2


  58 0012 11F8013B 		ldrb	r3, [r1], #1	@ zero_extendqisi2
  59              	.LVL4:
  60 0016 5840     		eors	r0, r0, r3
  61              	.LVL5:
  62 0018 4308     		lsrs	r3, r0, #1
  63              		.loc 1 15 0
  64 001a C007     		lsls	r0, r0, #31
  65              	.LVL6:
  66              		.loc 1 16 0
  67 001c 48BF     		it	mi
  68 001e 6B40     		eormi	r3, r3, r5
  69              	.LVL7:
  70 0020 5808     		lsrs	r0, r3, #1
  71              		.loc 1 15 0
  72 0022 DB07     		lsls	r3, r3, #31
  73              	.LVL8:
  74              		.loc 1 16 0
  75 0024 44BF     		itt	mi
  76 0026 6840     		eormi	r0, r0, r5
  77 0028 80B2     		uxthmi	r0, r0
  78              	.LVL9:
  79 002a 4308     		lsrs	r3, r0, #1
  80              		.loc 1 15 0
  81 002c C007     		lsls	r0, r0, #31
  82              	.LVL10:
  83              		.loc 1 16 0
  84 002e 44BF     		itt	mi
  85 0030 6B40     		eormi	r3, r3, r5
  86 0032 9BB2     		uxthmi	r3, r3
  87              	.LVL11:
  88 0034 5808     		lsrs	r0, r3, #1
  89              		.loc 1 15 0
  90 0036 DB07     		lsls	r3, r3, #31
  91              	.LVL12:
  92              		.loc 1 16 0
  93 0038 44BF     		itt	mi
  94 003a 6840     		eormi	r0, r0, r5
  95 003c 80B2     		uxthmi	r0, r0
  96              	.LVL13:
  97 003e 4308     		lsrs	r3, r0, #1
  98              		.loc 1 15 0
  99 0040 C007     		lsls	r0, r0, #31
 100              	.LVL14:
 101              		.loc 1 16 0
 102 0042 44BF     		itt	mi
 103 0044 6B40     		eormi	r3, r3, r5
 104 0046 9BB2     		uxthmi	r3, r3
 105              	.LVL15:
 106 0048 5808     		lsrs	r0, r3, #1
 107              		.loc 1 15 0
 108 004a DB07     		lsls	r3, r3, #31
 109              	.LVL16:
 110              		.loc 1 16 0
 111 004c 44BF     		itt	mi
 112 004e 6840     		eormi	r0, r0, r5
 113 0050 80B2     		uxthmi	r0, r0
 114              	.LVL17:
ARM GAS  C:\Users\mathi\AppData\Local\Temp\cc901l5g.s 			page 3


 115 0052 4308     		lsrs	r3, r0, #1
 116              		.loc 1 15 0
 117 0054 C007     		lsls	r0, r0, #31
 118              	.LVL18:
 119              		.loc 1 16 0
 120 0056 44BF     		itt	mi
 121 0058 6B40     		eormi	r3, r3, r5
 122 005a 9BB2     		uxthmi	r3, r3
 123              	.LVL19:
 124 005c 5808     		lsrs	r0, r3, #1
 125              		.loc 1 15 0
 126 005e DB07     		lsls	r3, r3, #31
 127              	.LVL20:
 128              		.loc 1 16 0
 129 0060 44BF     		itt	mi
 130 0062 6840     		eormi	r0, r0, r5
 131 0064 80B2     		uxthmi	r0, r0
 132              	.LVL21:
 133              	.L2:
 134              	.LBE3:
 135              		.loc 1 11 0
 136 0066 9142     		cmp	r1, r2
 137 0068 D3D1     		bne	.L11
 138              		.loc 1 23 0
 139 006a 019A     		ldr	r2, [sp, #4]
 140 006c 2368     		ldr	r3, [r4]
 141 006e 9A42     		cmp	r2, r3
 142 0070 01D1     		bne	.L39
 143 0072 03B0     		add	sp, sp, #12
 144              		.cfi_remember_state
 145              		.cfi_def_cfa_offset 12
 146              		@ sp needed
 147 0074 30BD     		pop	{r4, r5, pc}
 148              	.L39:
 149              		.cfi_restore_state
 150 0076 FFF7FEFF 		bl	__stack_chk_fail
 151              	.LVL22:
 152              	.L41:
 153 007a 00BF     		.align	2
 154              	.L40:
 155 007c 00000000 		.word	__stack_chk_guard
 156              		.cfi_endproc
 157              	.LFE0:
 158              		.size	crc16, .-crc16
 159              		.text
 160              	.Letext0:
 161              		.file 2 "c:\\eclipse_e-puck2\\tools\\gcc-arm-none-eabi-7-2017-q4-major-win32\\arm-none-eabi\\inclu
 162              		.file 3 "c:\\eclipse_e-puck2\\tools\\gcc-arm-none-eabi-7-2017-q4-major-win32\\arm-none-eabi\\inclu
 163              		.file 4 "c:\\eclipse_e-puck2\\tools\\gcc-arm-none-eabi-7-2017-q4-major-win32\\lib\\gcc\\arm-none-e
 164              		.section	.debug_info,"",%progbits
 165              	.Ldebug_info0:
 166 0000 3F010000 		.4byte	0x13f
 167 0004 0400     		.2byte	0x4
 168 0006 00000000 		.4byte	.Ldebug_abbrev0
 169 000a 04       		.byte	0x4
 170 000b 01       		.uleb128 0x1
 171 000c C0000000 		.4byte	.LASF18
ARM GAS  C:\Users\mathi\AppData\Local\Temp\cc901l5g.s 			page 4


 172 0010 0C       		.byte	0xc
 173 0011 7F020000 		.4byte	.LASF19
 174 0015 16000000 		.4byte	.LASF20
 175 0019 18000000 		.4byte	.Ldebug_ranges0+0x18
 176 001d 00000000 		.4byte	0
 177 0021 00000000 		.4byte	.Ldebug_line0
 178 0025 02       		.uleb128 0x2
 179 0026 01       		.byte	0x1
 180 0027 06       		.byte	0x6
 181 0028 6C020000 		.4byte	.LASF0
 182 002c 03       		.uleb128 0x3
 183 002d 00000000 		.4byte	.LASF3
 184 0031 02       		.byte	0x2
 185 0032 2B       		.byte	0x2b
 186 0033 37000000 		.4byte	0x37
 187 0037 02       		.uleb128 0x2
 188 0038 01       		.byte	0x1
 189 0039 08       		.byte	0x8
 190 003a 71000000 		.4byte	.LASF1
 191 003e 02       		.uleb128 0x2
 192 003f 02       		.byte	0x2
 193 0040 05       		.byte	0x5
 194 0041 3E020000 		.4byte	.LASF2
 195 0045 03       		.uleb128 0x3
 196 0046 B5000000 		.4byte	.LASF4
 197 004a 02       		.byte	0x2
 198 004b 39       		.byte	0x39
 199 004c 50000000 		.4byte	0x50
 200 0050 02       		.uleb128 0x2
 201 0051 02       		.byte	0x2
 202 0052 07       		.byte	0x7
 203 0053 91000000 		.4byte	.LASF5
 204 0057 02       		.uleb128 0x2
 205 0058 04       		.byte	0x4
 206 0059 05       		.byte	0x5
 207 005a 57020000 		.4byte	.LASF6
 208 005e 02       		.uleb128 0x2
 209 005f 04       		.byte	0x4
 210 0060 07       		.byte	0x7
 211 0061 7F000000 		.4byte	.LASF7
 212 0065 02       		.uleb128 0x2
 213 0066 08       		.byte	0x8
 214 0067 05       		.byte	0x5
 215 0068 30020000 		.4byte	.LASF8
 216 006c 02       		.uleb128 0x2
 217 006d 08       		.byte	0x8
 218 006e 07       		.byte	0x7
 219 006f 11020000 		.4byte	.LASF9
 220 0073 04       		.uleb128 0x4
 221 0074 04       		.byte	0x4
 222 0075 05       		.byte	0x5
 223 0076 696E7400 		.ascii	"int\000"
 224 007a 02       		.uleb128 0x2
 225 007b 04       		.byte	0x4
 226 007c 07       		.byte	0x7
 227 007d 04020000 		.4byte	.LASF10
 228 0081 03       		.uleb128 0x3
ARM GAS  C:\Users\mathi\AppData\Local\Temp\cc901l5g.s 			page 5


 229 0082 28020000 		.4byte	.LASF11
 230 0086 03       		.byte	0x3
 231 0087 18       		.byte	0x18
 232 0088 2C000000 		.4byte	0x2c
 233 008c 03       		.uleb128 0x3
 234 008d 48020000 		.4byte	.LASF12
 235 0091 03       		.byte	0x3
 236 0092 24       		.byte	0x24
 237 0093 45000000 		.4byte	0x45
 238 0097 03       		.uleb128 0x3
 239 0098 0A000000 		.4byte	.LASF13
 240 009c 04       		.byte	0x4
 241 009d D8       		.byte	0xd8
 242 009e 7A000000 		.4byte	0x7a
 243 00a2 02       		.uleb128 0x2
 244 00a3 08       		.byte	0x8
 245 00a4 04       		.byte	0x4
 246 00a5 60020000 		.4byte	.LASF14
 247 00a9 05       		.uleb128 0x5
 248 00aa 51020000 		.4byte	.LASF21
 249 00ae 01       		.byte	0x1
 250 00af 07       		.byte	0x7
 251 00b0 8C000000 		.4byte	0x8c
 252 00b4 00000000 		.4byte	.LFB0
 253 00b8 80000000 		.4byte	.LFE0-.LFB0
 254 00bc 01       		.uleb128 0x1
 255 00bd 9C       		.byte	0x9c
 256 00be 2C010000 		.4byte	0x12c
 257 00c2 06       		.uleb128 0x6
 258 00c3 11000000 		.4byte	.LASF15
 259 00c7 01       		.byte	0x1
 260 00c8 07       		.byte	0x7
 261 00c9 8C000000 		.4byte	0x8c
 262 00cd 00000000 		.4byte	.LLST0
 263 00d1 06       		.uleb128 0x6
 264 00d2 6C000000 		.4byte	.LASF16
 265 00d6 01       		.byte	0x1
 266 00d7 07       		.byte	0x7
 267 00d8 2C010000 		.4byte	0x12c
 268 00dc 21000000 		.4byte	.LLST1
 269 00e0 06       		.uleb128 0x6
 270 00e1 78020000 		.4byte	.LASF17
 271 00e5 01       		.byte	0x1
 272 00e6 07       		.byte	0x7
 273 00e7 97000000 		.4byte	0x97
 274 00eb 42000000 		.4byte	.LLST2
 275 00ef 07       		.uleb128 0x7
 276 00f0 7000     		.ascii	"p\000"
 277 00f2 01       		.byte	0x1
 278 00f3 09       		.byte	0x9
 279 00f4 33010000 		.4byte	0x133
 280 00f8 73000000 		.4byte	.LLST3
 281 00fc 07       		.uleb128 0x7
 282 00fd 63726300 		.ascii	"crc\000"
 283 0101 01       		.byte	0x1
 284 0102 0A       		.byte	0xa
 285 0103 8C000000 		.4byte	0x8c
ARM GAS  C:\Users\mathi\AppData\Local\Temp\cc901l5g.s 			page 6


 286 0107 9E000000 		.4byte	.LLST4
 287 010b 08       		.uleb128 0x8
 288 010c 00000000 		.4byte	.Ldebug_ranges0+0
 289 0110 22010000 		.4byte	0x122
 290 0114 07       		.uleb128 0x7
 291 0115 6900     		.ascii	"i\000"
 292 0117 01       		.byte	0x1
 293 0118 0C       		.byte	0xc
 294 0119 73000000 		.4byte	0x73
 295 011d 09010000 		.4byte	.LLST5
 296 0121 00       		.byte	0
 297 0122 09       		.uleb128 0x9
 298 0123 7A000000 		.4byte	.LVL22
 299 0127 39010000 		.4byte	0x139
 300 012b 00       		.byte	0
 301 012c 0A       		.uleb128 0xa
 302 012d 04       		.byte	0x4
 303 012e 32010000 		.4byte	0x132
 304 0132 0B       		.uleb128 0xb
 305 0133 0A       		.uleb128 0xa
 306 0134 04       		.byte	0x4
 307 0135 81000000 		.4byte	0x81
 308 0139 0C       		.uleb128 0xc
 309 013a A4000000 		.4byte	.LASF22
 310 013e A4000000 		.4byte	.LASF22
 311 0142 00       		.byte	0
 312              		.section	.debug_abbrev,"",%progbits
 313              	.Ldebug_abbrev0:
 314 0000 01       		.uleb128 0x1
 315 0001 11       		.uleb128 0x11
 316 0002 01       		.byte	0x1
 317 0003 25       		.uleb128 0x25
 318 0004 0E       		.uleb128 0xe
 319 0005 13       		.uleb128 0x13
 320 0006 0B       		.uleb128 0xb
 321 0007 03       		.uleb128 0x3
 322 0008 0E       		.uleb128 0xe
 323 0009 1B       		.uleb128 0x1b
 324 000a 0E       		.uleb128 0xe
 325 000b 55       		.uleb128 0x55
 326 000c 17       		.uleb128 0x17
 327 000d 11       		.uleb128 0x11
 328 000e 01       		.uleb128 0x1
 329 000f 10       		.uleb128 0x10
 330 0010 17       		.uleb128 0x17
 331 0011 00       		.byte	0
 332 0012 00       		.byte	0
 333 0013 02       		.uleb128 0x2
 334 0014 24       		.uleb128 0x24
 335 0015 00       		.byte	0
 336 0016 0B       		.uleb128 0xb
 337 0017 0B       		.uleb128 0xb
 338 0018 3E       		.uleb128 0x3e
 339 0019 0B       		.uleb128 0xb
 340 001a 03       		.uleb128 0x3
 341 001b 0E       		.uleb128 0xe
 342 001c 00       		.byte	0
ARM GAS  C:\Users\mathi\AppData\Local\Temp\cc901l5g.s 			page 7


 343 001d 00       		.byte	0
 344 001e 03       		.uleb128 0x3
 345 001f 16       		.uleb128 0x16
 346 0020 00       		.byte	0
 347 0021 03       		.uleb128 0x3
 348 0022 0E       		.uleb128 0xe
 349 0023 3A       		.uleb128 0x3a
 350 0024 0B       		.uleb128 0xb
 351 0025 3B       		.uleb128 0x3b
 352 0026 0B       		.uleb128 0xb
 353 0027 49       		.uleb128 0x49
 354 0028 13       		.uleb128 0x13
 355 0029 00       		.byte	0
 356 002a 00       		.byte	0
 357 002b 04       		.uleb128 0x4
 358 002c 24       		.uleb128 0x24
 359 002d 00       		.byte	0
 360 002e 0B       		.uleb128 0xb
 361 002f 0B       		.uleb128 0xb
 362 0030 3E       		.uleb128 0x3e
 363 0031 0B       		.uleb128 0xb
 364 0032 03       		.uleb128 0x3
 365 0033 08       		.uleb128 0x8
 366 0034 00       		.byte	0
 367 0035 00       		.byte	0
 368 0036 05       		.uleb128 0x5
 369 0037 2E       		.uleb128 0x2e
 370 0038 01       		.byte	0x1
 371 0039 3F       		.uleb128 0x3f
 372 003a 19       		.uleb128 0x19
 373 003b 03       		.uleb128 0x3
 374 003c 0E       		.uleb128 0xe
 375 003d 3A       		.uleb128 0x3a
 376 003e 0B       		.uleb128 0xb
 377 003f 3B       		.uleb128 0x3b
 378 0040 0B       		.uleb128 0xb
 379 0041 27       		.uleb128 0x27
 380 0042 19       		.uleb128 0x19
 381 0043 49       		.uleb128 0x49
 382 0044 13       		.uleb128 0x13
 383 0045 11       		.uleb128 0x11
 384 0046 01       		.uleb128 0x1
 385 0047 12       		.uleb128 0x12
 386 0048 06       		.uleb128 0x6
 387 0049 40       		.uleb128 0x40
 388 004a 18       		.uleb128 0x18
 389 004b 9742     		.uleb128 0x2117
 390 004d 19       		.uleb128 0x19
 391 004e 01       		.uleb128 0x1
 392 004f 13       		.uleb128 0x13
 393 0050 00       		.byte	0
 394 0051 00       		.byte	0
 395 0052 06       		.uleb128 0x6
 396 0053 05       		.uleb128 0x5
 397 0054 00       		.byte	0
 398 0055 03       		.uleb128 0x3
 399 0056 0E       		.uleb128 0xe
ARM GAS  C:\Users\mathi\AppData\Local\Temp\cc901l5g.s 			page 8


 400 0057 3A       		.uleb128 0x3a
 401 0058 0B       		.uleb128 0xb
 402 0059 3B       		.uleb128 0x3b
 403 005a 0B       		.uleb128 0xb
 404 005b 49       		.uleb128 0x49
 405 005c 13       		.uleb128 0x13
 406 005d 02       		.uleb128 0x2
 407 005e 17       		.uleb128 0x17
 408 005f 00       		.byte	0
 409 0060 00       		.byte	0
 410 0061 07       		.uleb128 0x7
 411 0062 34       		.uleb128 0x34
 412 0063 00       		.byte	0
 413 0064 03       		.uleb128 0x3
 414 0065 08       		.uleb128 0x8
 415 0066 3A       		.uleb128 0x3a
 416 0067 0B       		.uleb128 0xb
 417 0068 3B       		.uleb128 0x3b
 418 0069 0B       		.uleb128 0xb
 419 006a 49       		.uleb128 0x49
 420 006b 13       		.uleb128 0x13
 421 006c 02       		.uleb128 0x2
 422 006d 17       		.uleb128 0x17
 423 006e 00       		.byte	0
 424 006f 00       		.byte	0
 425 0070 08       		.uleb128 0x8
 426 0071 0B       		.uleb128 0xb
 427 0072 01       		.byte	0x1
 428 0073 55       		.uleb128 0x55
 429 0074 17       		.uleb128 0x17
 430 0075 01       		.uleb128 0x1
 431 0076 13       		.uleb128 0x13
 432 0077 00       		.byte	0
 433 0078 00       		.byte	0
 434 0079 09       		.uleb128 0x9
 435 007a 898201   		.uleb128 0x4109
 436 007d 00       		.byte	0
 437 007e 11       		.uleb128 0x11
 438 007f 01       		.uleb128 0x1
 439 0080 31       		.uleb128 0x31
 440 0081 13       		.uleb128 0x13
 441 0082 00       		.byte	0
 442 0083 00       		.byte	0
 443 0084 0A       		.uleb128 0xa
 444 0085 0F       		.uleb128 0xf
 445 0086 00       		.byte	0
 446 0087 0B       		.uleb128 0xb
 447 0088 0B       		.uleb128 0xb
 448 0089 49       		.uleb128 0x49
 449 008a 13       		.uleb128 0x13
 450 008b 00       		.byte	0
 451 008c 00       		.byte	0
 452 008d 0B       		.uleb128 0xb
 453 008e 26       		.uleb128 0x26
 454 008f 00       		.byte	0
 455 0090 00       		.byte	0
 456 0091 00       		.byte	0
ARM GAS  C:\Users\mathi\AppData\Local\Temp\cc901l5g.s 			page 9


 457 0092 0C       		.uleb128 0xc
 458 0093 2E       		.uleb128 0x2e
 459 0094 00       		.byte	0
 460 0095 3F       		.uleb128 0x3f
 461 0096 19       		.uleb128 0x19
 462 0097 3C       		.uleb128 0x3c
 463 0098 19       		.uleb128 0x19
 464 0099 6E       		.uleb128 0x6e
 465 009a 0E       		.uleb128 0xe
 466 009b 03       		.uleb128 0x3
 467 009c 0E       		.uleb128 0xe
 468 009d 00       		.byte	0
 469 009e 00       		.byte	0
 470 009f 00       		.byte	0
 471              		.section	.debug_loc,"",%progbits
 472              	.Ldebug_loc0:
 473              	.LLST0:
 474 0000 00000000 		.4byte	.LVL0
 475 0004 12000000 		.4byte	.LVL3
 476 0008 0100     		.2byte	0x1
 477 000a 50       		.byte	0x50
 478 000b 12000000 		.4byte	.LVL3
 479 000f 80000000 		.4byte	.LFE0
 480 0013 0400     		.2byte	0x4
 481 0015 F3       		.byte	0xf3
 482 0016 01       		.uleb128 0x1
 483 0017 50       		.byte	0x50
 484 0018 9F       		.byte	0x9f
 485 0019 00000000 		.4byte	0
 486 001d 00000000 		.4byte	0
 487              	.LLST1:
 488 0021 00000000 		.4byte	.LVL0
 489 0025 12000000 		.4byte	.LVL3
 490 0029 0100     		.2byte	0x1
 491 002b 51       		.byte	0x51
 492 002c 12000000 		.4byte	.LVL3
 493 0030 80000000 		.4byte	.LFE0
 494 0034 0400     		.2byte	0x4
 495 0036 F3       		.byte	0xf3
 496 0037 01       		.uleb128 0x1
 497 0038 51       		.byte	0x51
 498 0039 9F       		.byte	0x9f
 499 003a 00000000 		.4byte	0
 500 003e 00000000 		.4byte	0
 501              	.LLST2:
 502 0042 00000000 		.4byte	.LVL0
 503 0046 0C000000 		.4byte	.LVL2
 504 004a 0100     		.2byte	0x1
 505 004c 52       		.byte	0x52
 506 004d 0C000000 		.4byte	.LVL2
 507 0051 12000000 		.4byte	.LVL3
 508 0055 0400     		.2byte	0x4
 509 0057 F3       		.byte	0xf3
 510 0058 01       		.uleb128 0x1
 511 0059 52       		.byte	0x52
 512 005a 9F       		.byte	0x9f
 513 005b 12000000 		.4byte	.LVL3
ARM GAS  C:\Users\mathi\AppData\Local\Temp\cc901l5g.s 			page 10


 514 005f 80000000 		.4byte	.LFE0
 515 0063 0600     		.2byte	0x6
 516 0065 F3       		.byte	0xf3
 517 0066 01       		.uleb128 0x1
 518 0067 52       		.byte	0x52
 519 0068 31       		.byte	0x31
 520 0069 1C       		.byte	0x1c
 521 006a 9F       		.byte	0x9f
 522 006b 00000000 		.4byte	0
 523 006f 00000000 		.4byte	0
 524              	.LLST3:
 525 0073 0A000000 		.4byte	.LVL1
 526 0077 16000000 		.4byte	.LVL4
 527 007b 0100     		.2byte	0x1
 528 007d 51       		.byte	0x51
 529 007e 16000000 		.4byte	.LVL4
 530 0082 66000000 		.4byte	.LVL21
 531 0086 0300     		.2byte	0x3
 532 0088 71       		.byte	0x71
 533 0089 7F       		.sleb128 -1
 534 008a 9F       		.byte	0x9f
 535 008b 66000000 		.4byte	.LVL21
 536 008f 79000000 		.4byte	.LVL22-1
 537 0093 0100     		.2byte	0x1
 538 0095 51       		.byte	0x51
 539 0096 00000000 		.4byte	0
 540 009a 00000000 		.4byte	0
 541              	.LLST4:
 542 009e 0C000000 		.4byte	.LVL2
 543 00a2 1C000000 		.4byte	.LVL6
 544 00a6 0100     		.2byte	0x1
 545 00a8 50       		.byte	0x50
 546 00a9 20000000 		.4byte	.LVL7
 547 00ad 24000000 		.4byte	.LVL8
 548 00b1 0100     		.2byte	0x1
 549 00b3 53       		.byte	0x53
 550 00b4 2A000000 		.4byte	.LVL9
 551 00b8 2E000000 		.4byte	.LVL10
 552 00bc 0100     		.2byte	0x1
 553 00be 50       		.byte	0x50
 554 00bf 34000000 		.4byte	.LVL11
 555 00c3 38000000 		.4byte	.LVL12
 556 00c7 0100     		.2byte	0x1
 557 00c9 53       		.byte	0x53
 558 00ca 3E000000 		.4byte	.LVL13
 559 00ce 42000000 		.4byte	.LVL14
 560 00d2 0100     		.2byte	0x1
 561 00d4 50       		.byte	0x50
 562 00d5 48000000 		.4byte	.LVL15
 563 00d9 4C000000 		.4byte	.LVL16
 564 00dd 0100     		.2byte	0x1
 565 00df 53       		.byte	0x53
 566 00e0 52000000 		.4byte	.LVL17
 567 00e4 56000000 		.4byte	.LVL18
 568 00e8 0100     		.2byte	0x1
 569 00ea 50       		.byte	0x50
 570 00eb 5C000000 		.4byte	.LVL19
ARM GAS  C:\Users\mathi\AppData\Local\Temp\cc901l5g.s 			page 11


 571 00ef 60000000 		.4byte	.LVL20
 572 00f3 0100     		.2byte	0x1
 573 00f5 53       		.byte	0x53
 574 00f6 66000000 		.4byte	.LVL21
 575 00fa 79000000 		.4byte	.LVL22-1
 576 00fe 0100     		.2byte	0x1
 577 0100 50       		.byte	0x50
 578 0101 00000000 		.4byte	0
 579 0105 00000000 		.4byte	0
 580              	.LLST5:
 581 0109 18000000 		.4byte	.LVL5
 582 010d 20000000 		.4byte	.LVL7
 583 0111 0200     		.2byte	0x2
 584 0113 30       		.byte	0x30
 585 0114 9F       		.byte	0x9f
 586 0115 20000000 		.4byte	.LVL7
 587 0119 2A000000 		.4byte	.LVL9
 588 011d 0200     		.2byte	0x2
 589 011f 31       		.byte	0x31
 590 0120 9F       		.byte	0x9f
 591 0121 2A000000 		.4byte	.LVL9
 592 0125 34000000 		.4byte	.LVL11
 593 0129 0200     		.2byte	0x2
 594 012b 32       		.byte	0x32
 595 012c 9F       		.byte	0x9f
 596 012d 34000000 		.4byte	.LVL11
 597 0131 3E000000 		.4byte	.LVL13
 598 0135 0200     		.2byte	0x2
 599 0137 33       		.byte	0x33
 600 0138 9F       		.byte	0x9f
 601 0139 3E000000 		.4byte	.LVL13
 602 013d 48000000 		.4byte	.LVL15
 603 0141 0200     		.2byte	0x2
 604 0143 34       		.byte	0x34
 605 0144 9F       		.byte	0x9f
 606 0145 48000000 		.4byte	.LVL15
 607 0149 52000000 		.4byte	.LVL17
 608 014d 0200     		.2byte	0x2
 609 014f 35       		.byte	0x35
 610 0150 9F       		.byte	0x9f
 611 0151 52000000 		.4byte	.LVL17
 612 0155 5C000000 		.4byte	.LVL19
 613 0159 0200     		.2byte	0x2
 614 015b 36       		.byte	0x36
 615 015c 9F       		.byte	0x9f
 616 015d 5C000000 		.4byte	.LVL19
 617 0161 66000000 		.4byte	.LVL21
 618 0165 0200     		.2byte	0x2
 619 0167 37       		.byte	0x37
 620 0168 9F       		.byte	0x9f
 621 0169 00000000 		.4byte	0
 622 016d 00000000 		.4byte	0
 623              		.section	.debug_aranges,"",%progbits
 624 0000 1C000000 		.4byte	0x1c
 625 0004 0200     		.2byte	0x2
 626 0006 00000000 		.4byte	.Ldebug_info0
 627 000a 04       		.byte	0x4
ARM GAS  C:\Users\mathi\AppData\Local\Temp\cc901l5g.s 			page 12


 628 000b 00       		.byte	0
 629 000c 0000     		.2byte	0
 630 000e 0000     		.2byte	0
 631 0010 00000000 		.4byte	.LFB0
 632 0014 80000000 		.4byte	.LFE0-.LFB0
 633 0018 00000000 		.4byte	0
 634 001c 00000000 		.4byte	0
 635              		.section	.debug_ranges,"",%progbits
 636              	.Ldebug_ranges0:
 637 0000 0C000000 		.4byte	.LBB2
 638 0004 10000000 		.4byte	.LBE2
 639 0008 12000000 		.4byte	.LBB3
 640 000c 66000000 		.4byte	.LBE3
 641 0010 00000000 		.4byte	0
 642 0014 00000000 		.4byte	0
 643 0018 00000000 		.4byte	.LFB0
 644 001c 80000000 		.4byte	.LFE0
 645 0020 00000000 		.4byte	0
 646 0024 00000000 		.4byte	0
 647              		.section	.debug_line,"",%progbits
 648              	.Ldebug_line0:
 649 0000 BE010000 		.section	.debug_str,"MS",%progbits,1
 649      02009301 
 649      00000201 
 649      FB0E0D00 
 649      01010101 
 650              	.LASF3:
 651 0000 5F5F7569 		.ascii	"__uint8_t\000"
 651      6E74385F 
 651      7400
 652              	.LASF13:
 653 000a 73697A65 		.ascii	"size_t\000"
 653      5F7400
 654              	.LASF15:
 655 0011 696E6974 		.ascii	"init\000"
 655      00
 656              	.LASF20:
 657 0016 433A5C55 		.ascii	"C:\\Users\\mathi\\Documents\\robotique\\robotics_pr"
 657      73657273 
 657      5C6D6174 
 657      68695C44 
 657      6F63756D 
 658 0044 6F6A6563 		.ascii	"oject\\robotics_project\\robotics_project\000"
 658      745C726F 
 658      626F7469 
 658      63735F70 
 658      726F6A65 
 659              	.LASF16:
 660 006c 64617461 		.ascii	"data\000"
 660      00
 661              	.LASF1:
 662 0071 756E7369 		.ascii	"unsigned char\000"
 662      676E6564 
 662      20636861 
 662      7200
 663              	.LASF7:
 664 007f 6C6F6E67 		.ascii	"long unsigned int\000"
ARM GAS  C:\Users\mathi\AppData\Local\Temp\cc901l5g.s 			page 13


 664      20756E73 
 664      69676E65 
 664      6420696E 
 664      7400
 665              	.LASF5:
 666 0091 73686F72 		.ascii	"short unsigned int\000"
 666      7420756E 
 666      7369676E 
 666      65642069 
 666      6E7400
 667              	.LASF22:
 668 00a4 5F5F7374 		.ascii	"__stack_chk_fail\000"
 668      61636B5F 
 668      63686B5F 
 668      6661696C 
 668      00
 669              	.LASF4:
 670 00b5 5F5F7569 		.ascii	"__uint16_t\000"
 670      6E743136 
 670      5F7400
 671              	.LASF18:
 672 00c0 474E5520 		.ascii	"GNU C11 7.2.1 20170904 (release) [ARM/embedded-7-br"
 672      43313120 
 672      372E322E 
 672      31203230 
 672      31373039 
 673 00f3 616E6368 		.ascii	"anch revision 255204] -mcpu=cortex-m4 -mfloat-abi=h"
 673      20726576 
 673      6973696F 
 673      6E203235 
 673      35323034 
 674 0126 61726420 		.ascii	"ard -mfpu=fpv4-sp-d16 -mno-thumb-interwork -mthumb "
 674      2D6D6670 
 674      753D6670 
 674      76342D73 
 674      702D6431 
 675 0159 2D676764 		.ascii	"-ggdb -O3 -fomit-frame-pointer -falign-functions=16"
 675      62202D4F 
 675      33202D66 
 675      6F6D6974 
 675      2D667261 
 676 018c 202D666E 		.ascii	" -fno-strict-aliasing -fstack-protector-all -ffunct"
 676      6F2D7374 
 676      72696374 
 676      2D616C69 
 676      6173696E 
 677 01bf 696F6E2D 		.ascii	"ion-sections -fdata-sections -fno-common -fsingle-p"
 677      73656374 
 677      696F6E73 
 677      202D6664 
 677      6174612D 
 678 01f2 72656369 		.ascii	"recision-constant\000"
 678      73696F6E 
 678      2D636F6E 
 678      7374616E 
 678      7400
 679              	.LASF10:
ARM GAS  C:\Users\mathi\AppData\Local\Temp\cc901l5g.s 			page 14


 680 0204 756E7369 		.ascii	"unsigned int\000"
 680      676E6564 
 680      20696E74 
 680      00
 681              	.LASF9:
 682 0211 6C6F6E67 		.ascii	"long long unsigned int\000"
 682      206C6F6E 
 682      6720756E 
 682      7369676E 
 682      65642069 
 683              	.LASF11:
 684 0228 75696E74 		.ascii	"uint8_t\000"
 684      385F7400 
 685              	.LASF8:
 686 0230 6C6F6E67 		.ascii	"long long int\000"
 686      206C6F6E 
 686      6720696E 
 686      7400
 687              	.LASF2:
 688 023e 73686F72 		.ascii	"short int\000"
 688      7420696E 
 688      7400
 689              	.LASF12:
 690 0248 75696E74 		.ascii	"uint16_t\000"
 690      31365F74 
 690      00
 691              	.LASF21:
 692 0251 63726331 		.ascii	"crc16\000"
 692      3600
 693              	.LASF6:
 694 0257 6C6F6E67 		.ascii	"long int\000"
 694      20696E74 
 694      00
 695              	.LASF14:
 696 0260 6C6F6E67 		.ascii	"long double\000"
 696      20646F75 
 696      626C6500 
 697              	.LASF0:
 698 026c 7369676E 		.ascii	"signed char\000"
 698      65642063 
 698      68617200 
 699              	.LASF17:
 700 0278 6C656E67 		.ascii	"length\000"
 700      746800
 701              	.LASF19:
 702 027f 2E2E2F2E 		.ascii	"../../lib/e-puck2_main-processor/src/crc/crc16.c\000"
 702      2E2F6C69 
 702      622F652D 
 702      7075636B 
 702      325F6D61 
 703              		.ident	"GCC: (GNU Tools for Arm Embedded Processors 7-2017-q4-major) 7.2.1 20170904 (release) [ARM
ARM GAS  C:\Users\mathi\AppData\Local\Temp\cc901l5g.s 			page 15


DEFINED SYMBOLS
                            *ABS*:00000000 crc16.c
C:\Users\mathi\AppData\Local\Temp\cc901l5g.s:18     .text.crc16:00000000 $t
C:\Users\mathi\AppData\Local\Temp\cc901l5g.s:26     .text.crc16:00000000 crc16
C:\Users\mathi\AppData\Local\Temp\cc901l5g.s:155    .text.crc16:0000007c $d

UNDEFINED SYMBOLS
__stack_chk_fail
__stack_chk_guard
