ARM GAS  C:\Users\mathi\AppData\Local\Temp\ccs12Fro.s 			page 1


   1              		.cpu cortex-m4
   2              		.eabi_attribute 27, 1
   3              		.eabi_attribute 28, 1
   4              		.eabi_attribute 20, 1
   5              		.eabi_attribute 21, 1
   6              		.eabi_attribute 23, 3
   7              		.eabi_attribute 24, 1
   8              		.eabi_attribute 25, 1
   9              		.eabi_attribute 26, 1
  10              		.eabi_attribute 30, 2
  11              		.eabi_attribute 34, 1
  12              		.eabi_attribute 18, 4
  13              		.file	"DataEEPROM.c"
  14              		.text
  15              	.Ltext0:
  16              		.cfi_sections	.debug_frame
  17              		.section	.text.ReadEE,"ax",%progbits
  18              		.align	1
  19              		.p2align 4,,15
  20              		.global	ReadEE
  21              		.syntax unified
  22              		.thumb
  23              		.thumb_func
  24              		.fpu fpv4-sp-d16
  25              		.type	ReadEE, %function
  26              	ReadEE:
  27              	.LFB0:
  28              		.file 1 "../../lib/e-puck2_main-processor/src/epuck1x/DataEEPROM.c"
  29              		.loc 1 3 0
  30              		.cfi_startproc
  31              		@ args = 0, pretend = 0, frame = 8
  32              		@ frame_needed = 0, uses_anonymous_args = 0
  33              	.LVL0:
  34 0000 10B5     		push	{r4, lr}
  35              		.cfi_def_cfa_offset 8
  36              		.cfi_offset 4, -8
  37              		.cfi_offset 14, -4
  38 0002 0D4B     		ldr	r3, .L10
  39              	.LVL1:
  40 0004 82B0     		sub	sp, sp, #8
  41              		.cfi_def_cfa_offset 16
  42              		.loc 1 3 0
  43 0006 1C68     		ldr	r4, [r3]
  44 0008 0194     		str	r4, [sp, #4]
  45              		.loc 1 5 0
  46 000a 7F28     		cmp	r0, #127
  47 000c 09D0     		beq	.L8
  48              		.loc 1 9 0
  49 000e 0021     		movs	r1, #0
  50              	.LVL2:
  51              	.L2:
  52 0010 1160     		str	r1, [r2]
  53              		.loc 1 12 0
  54 0012 019A     		ldr	r2, [sp, #4]
  55              	.LVL3:
  56 0014 1B68     		ldr	r3, [r3]
  57 0016 9A42     		cmp	r2, r3
ARM GAS  C:\Users\mathi\AppData\Local\Temp\ccs12Fro.s 			page 2


  58 0018 4FF00000 		mov	r0, #0
  59 001c 0AD1     		bne	.L9
  60 001e 02B0     		add	sp, sp, #8
  61              		.cfi_remember_state
  62              		.cfi_def_cfa_offset 8
  63              		@ sp needed
  64 0020 10BD     		pop	{r4, pc}
  65              	.LVL4:
  66              	.L8:
  67              		.cfi_restore_state
  68              		.loc 1 5 0 discriminator 1
  69 0022 4FF6FE74 		movw	r4, #65534
  70              		.loc 1 6 0 discriminator 1
  71 0026 4FF6F770 		movw	r0, #65527
  72              	.LVL5:
  73 002a A142     		cmp	r1, r4
  74 002c 0CBF     		ite	eq
  75 002e 0146     		moveq	r1, r0
  76 0030 0021     		movne	r1, #0
  77              	.LVL6:
  78 0032 EDE7     		b	.L2
  79              	.LVL7:
  80              	.L9:
  81              		.loc 1 12 0
  82 0034 FFF7FEFF 		bl	__stack_chk_fail
  83              	.LVL8:
  84              	.L11:
  85              		.align	2
  86              	.L10:
  87 0038 00000000 		.word	__stack_chk_guard
  88              		.cfi_endproc
  89              	.LFE0:
  90              		.size	ReadEE, .-ReadEE
  91              		.section	.text.EraseEE,"ax",%progbits
  92              		.align	1
  93              		.p2align 4,,15
  94              		.global	EraseEE
  95              		.syntax unified
  96              		.thumb
  97              		.thumb_func
  98              		.fpu fpv4-sp-d16
  99              		.type	EraseEE, %function
 100              	EraseEE:
 101              	.LFB1:
 102              		.loc 1 14 0
 103              		.cfi_startproc
 104              		@ args = 0, pretend = 0, frame = 8
 105              		@ frame_needed = 0, uses_anonymous_args = 0
 106              	.LVL9:
 107 0000 00B5     		push	{lr}
 108              		.cfi_def_cfa_offset 4
 109              		.cfi_offset 14, -4
 110 0002 074B     		ldr	r3, .L16
 111 0004 83B0     		sub	sp, sp, #12
 112              		.cfi_def_cfa_offset 16
 113              		.loc 1 14 0
 114 0006 1A68     		ldr	r2, [r3]
ARM GAS  C:\Users\mathi\AppData\Local\Temp\ccs12Fro.s 			page 3


 115              	.LVL10:
 116 0008 0192     		str	r2, [sp, #4]
 117              		.loc 1 19 0
 118 000a 019A     		ldr	r2, [sp, #4]
 119 000c 1B68     		ldr	r3, [r3]
 120 000e 9A42     		cmp	r2, r3
 121 0010 03D1     		bne	.L15
 122 0012 0020     		movs	r0, #0
 123              	.LVL11:
 124 0014 03B0     		add	sp, sp, #12
 125              		.cfi_remember_state
 126              		.cfi_def_cfa_offset 4
 127              		@ sp needed
 128 0016 5DF804FB 		ldr	pc, [sp], #4
 129              	.LVL12:
 130              	.L15:
 131              		.cfi_restore_state
 132 001a FFF7FEFF 		bl	__stack_chk_fail
 133              	.LVL13:
 134              	.L17:
 135 001e 00BF     		.align	2
 136              	.L16:
 137 0020 00000000 		.word	__stack_chk_guard
 138              		.cfi_endproc
 139              	.LFE1:
 140              		.size	EraseEE, .-EraseEE
 141              		.section	.text.WriteEE,"ax",%progbits
 142              		.align	1
 143              		.p2align 4,,15
 144              		.global	WriteEE
 145              		.syntax unified
 146              		.thumb
 147              		.thumb_func
 148              		.fpu fpv4-sp-d16
 149              		.type	WriteEE, %function
 150              	WriteEE:
 151              	.LFB2:
 152              		.loc 1 21 0
 153              		.cfi_startproc
 154              		@ args = 0, pretend = 0, frame = 8
 155              		@ frame_needed = 0, uses_anonymous_args = 0
 156              	.LVL14:
 157 0000 00B5     		push	{lr}
 158              		.cfi_def_cfa_offset 4
 159              		.cfi_offset 14, -4
 160 0002 074B     		ldr	r3, .L22
 161              	.LVL15:
 162 0004 83B0     		sub	sp, sp, #12
 163              		.cfi_def_cfa_offset 16
 164              		.loc 1 21 0
 165 0006 1A68     		ldr	r2, [r3]
 166              	.LVL16:
 167 0008 0192     		str	r2, [sp, #4]
 168              		.loc 1 27 0
 169 000a 019A     		ldr	r2, [sp, #4]
 170 000c 1B68     		ldr	r3, [r3]
 171 000e 9A42     		cmp	r2, r3
ARM GAS  C:\Users\mathi\AppData\Local\Temp\ccs12Fro.s 			page 4


 172 0010 03D1     		bne	.L21
 173 0012 0020     		movs	r0, #0
 174              	.LVL17:
 175 0014 03B0     		add	sp, sp, #12
 176              		.cfi_remember_state
 177              		.cfi_def_cfa_offset 4
 178              		@ sp needed
 179 0016 5DF804FB 		ldr	pc, [sp], #4
 180              	.LVL18:
 181              	.L21:
 182              		.cfi_restore_state
 183 001a FFF7FEFF 		bl	__stack_chk_fail
 184              	.LVL19:
 185              	.L23:
 186 001e 00BF     		.align	2
 187              	.L22:
 188 0020 00000000 		.word	__stack_chk_guard
 189              		.cfi_endproc
 190              	.LFE2:
 191              		.size	WriteEE, .-WriteEE
 192              		.text
 193              	.Letext0:
 194              		.section	.debug_info,"",%progbits
 195              	.Ldebug_info0:
 196 0000 46010000 		.4byte	0x146
 197 0004 0400     		.2byte	0x4
 198 0006 00000000 		.4byte	.Ldebug_abbrev0
 199 000a 04       		.byte	0x4
 200 000b 01       		.uleb128 0x1
 201 000c 0D000000 		.4byte	.LASF8
 202 0010 0C       		.byte	0xc
 203 0011 C2010000 		.4byte	.LASF9
 204 0015 59010000 		.4byte	.LASF10
 205 0019 00000000 		.4byte	.Ldebug_ranges0+0
 206 001d 00000000 		.4byte	0
 207 0021 00000000 		.4byte	.Ldebug_line0
 208 0025 02       		.uleb128 0x2
 209 0026 05000000 		.4byte	.LASF4
 210 002a 01       		.byte	0x1
 211 002b 15       		.byte	0x15
 212 002c 84000000 		.4byte	0x84
 213 0030 00000000 		.4byte	.LFB2
 214 0034 24000000 		.4byte	.LFE2-.LFB2
 215 0038 01       		.uleb128 0x1
 216 0039 9C       		.byte	0x9c
 217 003a 84000000 		.4byte	0x84
 218 003e 03       		.uleb128 0x3
 219 003f B6010000 		.4byte	.LASF0
 220 0043 01       		.byte	0x1
 221 0044 15       		.byte	0x15
 222 0045 8B000000 		.4byte	0x8b
 223 0049 00000000 		.4byte	.LLST7
 224 004d 03       		.uleb128 0x3
 225 004e 00000000 		.4byte	.LASF1
 226 0052 01       		.byte	0x1
 227 0053 15       		.byte	0x15
 228 0054 84000000 		.4byte	0x84
ARM GAS  C:\Users\mathi\AppData\Local\Temp\ccs12Fro.s 			page 5


 229 0058 3A000000 		.4byte	.LLST8
 230 005c 03       		.uleb128 0x3
 231 005d AF010000 		.4byte	.LASF2
 232 0061 01       		.byte	0x1
 233 0062 15       		.byte	0x15
 234 0063 84000000 		.4byte	0x84
 235 0067 5B000000 		.4byte	.LLST9
 236 006b 03       		.uleb128 0x3
 237 006c BD010000 		.4byte	.LASF3
 238 0070 01       		.byte	0x1
 239 0071 15       		.byte	0x15
 240 0072 84000000 		.4byte	0x84
 241 0076 7C000000 		.4byte	.LLST10
 242 007a 04       		.uleb128 0x4
 243 007b 1E000000 		.4byte	.LVL19
 244 007f 40010000 		.4byte	0x140
 245 0083 00       		.byte	0
 246 0084 05       		.uleb128 0x5
 247 0085 04       		.byte	0x4
 248 0086 05       		.byte	0x5
 249 0087 696E7400 		.ascii	"int\000"
 250 008b 06       		.uleb128 0x6
 251 008c 04       		.byte	0x4
 252 008d 84000000 		.4byte	0x84
 253 0091 02       		.uleb128 0x2
 254 0092 51010000 		.4byte	.LASF5
 255 0096 01       		.byte	0x1
 256 0097 0E       		.byte	0xe
 257 0098 84000000 		.4byte	0x84
 258 009c 00000000 		.4byte	.LFB1
 259 00a0 24000000 		.4byte	.LFE1-.LFB1
 260 00a4 01       		.uleb128 0x1
 261 00a5 9C       		.byte	0x9c
 262 00a6 E1000000 		.4byte	0xe1
 263 00aa 03       		.uleb128 0x3
 264 00ab 00000000 		.4byte	.LASF1
 265 00af 01       		.byte	0x1
 266 00b0 0E       		.byte	0xe
 267 00b1 84000000 		.4byte	0x84
 268 00b5 9D000000 		.4byte	.LLST4
 269 00b9 03       		.uleb128 0x3
 270 00ba AF010000 		.4byte	.LASF2
 271 00be 01       		.byte	0x1
 272 00bf 0E       		.byte	0xe
 273 00c0 84000000 		.4byte	0x84
 274 00c4 D7000000 		.4byte	.LLST5
 275 00c8 03       		.uleb128 0x3
 276 00c9 BD010000 		.4byte	.LASF3
 277 00cd 01       		.byte	0x1
 278 00ce 0E       		.byte	0xe
 279 00cf 84000000 		.4byte	0x84
 280 00d3 F8000000 		.4byte	.LLST6
 281 00d7 04       		.uleb128 0x4
 282 00d8 1E000000 		.4byte	.LVL13
 283 00dc 40010000 		.4byte	0x140
 284 00e0 00       		.byte	0
 285 00e1 02       		.uleb128 0x2
ARM GAS  C:\Users\mathi\AppData\Local\Temp\ccs12Fro.s 			page 6


 286 00e2 FC010000 		.4byte	.LASF6
 287 00e6 01       		.byte	0x1
 288 00e7 03       		.byte	0x3
 289 00e8 84000000 		.4byte	0x84
 290 00ec 00000000 		.4byte	.LFB0
 291 00f0 3C000000 		.4byte	.LFE0-.LFB0
 292 00f4 01       		.uleb128 0x1
 293 00f5 9C       		.byte	0x9c
 294 00f6 40010000 		.4byte	0x140
 295 00fa 03       		.uleb128 0x3
 296 00fb 00000000 		.4byte	.LASF1
 297 00ff 01       		.byte	0x1
 298 0100 03       		.byte	0x3
 299 0101 84000000 		.4byte	0x84
 300 0105 19010000 		.4byte	.LLST0
 301 0109 03       		.uleb128 0x3
 302 010a AF010000 		.4byte	.LASF2
 303 010e 01       		.byte	0x1
 304 010f 03       		.byte	0x3
 305 0110 84000000 		.4byte	0x84
 306 0114 53010000 		.4byte	.LLST1
 307 0118 03       		.uleb128 0x3
 308 0119 14020000 		.4byte	.LASF7
 309 011d 01       		.byte	0x1
 310 011e 03       		.byte	0x3
 311 011f 8B000000 		.4byte	0x8b
 312 0123 8D010000 		.4byte	.LLST2
 313 0127 03       		.uleb128 0x3
 314 0128 BD010000 		.4byte	.LASF3
 315 012c 01       		.byte	0x1
 316 012d 03       		.byte	0x3
 317 012e 84000000 		.4byte	0x84
 318 0132 C7010000 		.4byte	.LLST3
 319 0136 04       		.uleb128 0x4
 320 0137 38000000 		.4byte	.LVL8
 321 013b 40010000 		.4byte	0x140
 322 013f 00       		.byte	0
 323 0140 07       		.uleb128 0x7
 324 0141 03020000 		.4byte	.LASF11
 325 0145 03020000 		.4byte	.LASF11
 326 0149 00       		.byte	0
 327              		.section	.debug_abbrev,"",%progbits
 328              	.Ldebug_abbrev0:
 329 0000 01       		.uleb128 0x1
 330 0001 11       		.uleb128 0x11
 331 0002 01       		.byte	0x1
 332 0003 25       		.uleb128 0x25
 333 0004 0E       		.uleb128 0xe
 334 0005 13       		.uleb128 0x13
 335 0006 0B       		.uleb128 0xb
 336 0007 03       		.uleb128 0x3
 337 0008 0E       		.uleb128 0xe
 338 0009 1B       		.uleb128 0x1b
 339 000a 0E       		.uleb128 0xe
 340 000b 55       		.uleb128 0x55
 341 000c 17       		.uleb128 0x17
 342 000d 11       		.uleb128 0x11
ARM GAS  C:\Users\mathi\AppData\Local\Temp\ccs12Fro.s 			page 7


 343 000e 01       		.uleb128 0x1
 344 000f 10       		.uleb128 0x10
 345 0010 17       		.uleb128 0x17
 346 0011 00       		.byte	0
 347 0012 00       		.byte	0
 348 0013 02       		.uleb128 0x2
 349 0014 2E       		.uleb128 0x2e
 350 0015 01       		.byte	0x1
 351 0016 3F       		.uleb128 0x3f
 352 0017 19       		.uleb128 0x19
 353 0018 03       		.uleb128 0x3
 354 0019 0E       		.uleb128 0xe
 355 001a 3A       		.uleb128 0x3a
 356 001b 0B       		.uleb128 0xb
 357 001c 3B       		.uleb128 0x3b
 358 001d 0B       		.uleb128 0xb
 359 001e 27       		.uleb128 0x27
 360 001f 19       		.uleb128 0x19
 361 0020 49       		.uleb128 0x49
 362 0021 13       		.uleb128 0x13
 363 0022 11       		.uleb128 0x11
 364 0023 01       		.uleb128 0x1
 365 0024 12       		.uleb128 0x12
 366 0025 06       		.uleb128 0x6
 367 0026 40       		.uleb128 0x40
 368 0027 18       		.uleb128 0x18
 369 0028 9742     		.uleb128 0x2117
 370 002a 19       		.uleb128 0x19
 371 002b 01       		.uleb128 0x1
 372 002c 13       		.uleb128 0x13
 373 002d 00       		.byte	0
 374 002e 00       		.byte	0
 375 002f 03       		.uleb128 0x3
 376 0030 05       		.uleb128 0x5
 377 0031 00       		.byte	0
 378 0032 03       		.uleb128 0x3
 379 0033 0E       		.uleb128 0xe
 380 0034 3A       		.uleb128 0x3a
 381 0035 0B       		.uleb128 0xb
 382 0036 3B       		.uleb128 0x3b
 383 0037 0B       		.uleb128 0xb
 384 0038 49       		.uleb128 0x49
 385 0039 13       		.uleb128 0x13
 386 003a 02       		.uleb128 0x2
 387 003b 17       		.uleb128 0x17
 388 003c 00       		.byte	0
 389 003d 00       		.byte	0
 390 003e 04       		.uleb128 0x4
 391 003f 898201   		.uleb128 0x4109
 392 0042 00       		.byte	0
 393 0043 11       		.uleb128 0x11
 394 0044 01       		.uleb128 0x1
 395 0045 31       		.uleb128 0x31
 396 0046 13       		.uleb128 0x13
 397 0047 00       		.byte	0
 398 0048 00       		.byte	0
 399 0049 05       		.uleb128 0x5
ARM GAS  C:\Users\mathi\AppData\Local\Temp\ccs12Fro.s 			page 8


 400 004a 24       		.uleb128 0x24
 401 004b 00       		.byte	0
 402 004c 0B       		.uleb128 0xb
 403 004d 0B       		.uleb128 0xb
 404 004e 3E       		.uleb128 0x3e
 405 004f 0B       		.uleb128 0xb
 406 0050 03       		.uleb128 0x3
 407 0051 08       		.uleb128 0x8
 408 0052 00       		.byte	0
 409 0053 00       		.byte	0
 410 0054 06       		.uleb128 0x6
 411 0055 0F       		.uleb128 0xf
 412 0056 00       		.byte	0
 413 0057 0B       		.uleb128 0xb
 414 0058 0B       		.uleb128 0xb
 415 0059 49       		.uleb128 0x49
 416 005a 13       		.uleb128 0x13
 417 005b 00       		.byte	0
 418 005c 00       		.byte	0
 419 005d 07       		.uleb128 0x7
 420 005e 2E       		.uleb128 0x2e
 421 005f 00       		.byte	0
 422 0060 3F       		.uleb128 0x3f
 423 0061 19       		.uleb128 0x19
 424 0062 3C       		.uleb128 0x3c
 425 0063 19       		.uleb128 0x19
 426 0064 6E       		.uleb128 0x6e
 427 0065 0E       		.uleb128 0xe
 428 0066 03       		.uleb128 0x3
 429 0067 0E       		.uleb128 0xe
 430 0068 00       		.byte	0
 431 0069 00       		.byte	0
 432 006a 00       		.byte	0
 433              		.section	.debug_loc,"",%progbits
 434              	.Ldebug_loc0:
 435              	.LLST7:
 436 0000 00000000 		.4byte	.LVL14
 437 0004 14000000 		.4byte	.LVL17
 438 0008 0100     		.2byte	0x1
 439 000a 50       		.byte	0x50
 440 000b 14000000 		.4byte	.LVL17
 441 000f 1A000000 		.4byte	.LVL18
 442 0013 0400     		.2byte	0x4
 443 0015 F3       		.byte	0xf3
 444 0016 01       		.uleb128 0x1
 445 0017 50       		.byte	0x50
 446 0018 9F       		.byte	0x9f
 447 0019 1A000000 		.4byte	.LVL18
 448 001d 1D000000 		.4byte	.LVL19-1
 449 0021 0100     		.2byte	0x1
 450 0023 50       		.byte	0x50
 451 0024 1D000000 		.4byte	.LVL19-1
 452 0028 24000000 		.4byte	.LFE2
 453 002c 0400     		.2byte	0x4
 454 002e F3       		.byte	0xf3
 455 002f 01       		.uleb128 0x1
 456 0030 50       		.byte	0x50
ARM GAS  C:\Users\mathi\AppData\Local\Temp\ccs12Fro.s 			page 9


 457 0031 9F       		.byte	0x9f
 458 0032 00000000 		.4byte	0
 459 0036 00000000 		.4byte	0
 460              	.LLST8:
 461 003a 00000000 		.4byte	.LVL14
 462 003e 1D000000 		.4byte	.LVL19-1
 463 0042 0100     		.2byte	0x1
 464 0044 51       		.byte	0x51
 465 0045 1D000000 		.4byte	.LVL19-1
 466 0049 24000000 		.4byte	.LFE2
 467 004d 0400     		.2byte	0x4
 468 004f F3       		.byte	0xf3
 469 0050 01       		.uleb128 0x1
 470 0051 51       		.byte	0x51
 471 0052 9F       		.byte	0x9f
 472 0053 00000000 		.4byte	0
 473 0057 00000000 		.4byte	0
 474              	.LLST9:
 475 005b 00000000 		.4byte	.LVL14
 476 005f 08000000 		.4byte	.LVL16
 477 0063 0100     		.2byte	0x1
 478 0065 52       		.byte	0x52
 479 0066 08000000 		.4byte	.LVL16
 480 006a 24000000 		.4byte	.LFE2
 481 006e 0400     		.2byte	0x4
 482 0070 F3       		.byte	0xf3
 483 0071 01       		.uleb128 0x1
 484 0072 52       		.byte	0x52
 485 0073 9F       		.byte	0x9f
 486 0074 00000000 		.4byte	0
 487 0078 00000000 		.4byte	0
 488              	.LLST10:
 489 007c 00000000 		.4byte	.LVL14
 490 0080 04000000 		.4byte	.LVL15
 491 0084 0100     		.2byte	0x1
 492 0086 53       		.byte	0x53
 493 0087 04000000 		.4byte	.LVL15
 494 008b 24000000 		.4byte	.LFE2
 495 008f 0400     		.2byte	0x4
 496 0091 F3       		.byte	0xf3
 497 0092 01       		.uleb128 0x1
 498 0093 53       		.byte	0x53
 499 0094 9F       		.byte	0x9f
 500 0095 00000000 		.4byte	0
 501 0099 00000000 		.4byte	0
 502              	.LLST4:
 503 009d 00000000 		.4byte	.LVL9
 504 00a1 14000000 		.4byte	.LVL11
 505 00a5 0100     		.2byte	0x1
 506 00a7 50       		.byte	0x50
 507 00a8 14000000 		.4byte	.LVL11
 508 00ac 1A000000 		.4byte	.LVL12
 509 00b0 0400     		.2byte	0x4
 510 00b2 F3       		.byte	0xf3
 511 00b3 01       		.uleb128 0x1
 512 00b4 50       		.byte	0x50
 513 00b5 9F       		.byte	0x9f
ARM GAS  C:\Users\mathi\AppData\Local\Temp\ccs12Fro.s 			page 10


 514 00b6 1A000000 		.4byte	.LVL12
 515 00ba 1D000000 		.4byte	.LVL13-1
 516 00be 0100     		.2byte	0x1
 517 00c0 50       		.byte	0x50
 518 00c1 1D000000 		.4byte	.LVL13-1
 519 00c5 24000000 		.4byte	.LFE1
 520 00c9 0400     		.2byte	0x4
 521 00cb F3       		.byte	0xf3
 522 00cc 01       		.uleb128 0x1
 523 00cd 50       		.byte	0x50
 524 00ce 9F       		.byte	0x9f
 525 00cf 00000000 		.4byte	0
 526 00d3 00000000 		.4byte	0
 527              	.LLST5:
 528 00d7 00000000 		.4byte	.LVL9
 529 00db 1D000000 		.4byte	.LVL13-1
 530 00df 0100     		.2byte	0x1
 531 00e1 51       		.byte	0x51
 532 00e2 1D000000 		.4byte	.LVL13-1
 533 00e6 24000000 		.4byte	.LFE1
 534 00ea 0400     		.2byte	0x4
 535 00ec F3       		.byte	0xf3
 536 00ed 01       		.uleb128 0x1
 537 00ee 51       		.byte	0x51
 538 00ef 9F       		.byte	0x9f
 539 00f0 00000000 		.4byte	0
 540 00f4 00000000 		.4byte	0
 541              	.LLST6:
 542 00f8 00000000 		.4byte	.LVL9
 543 00fc 08000000 		.4byte	.LVL10
 544 0100 0100     		.2byte	0x1
 545 0102 52       		.byte	0x52
 546 0103 08000000 		.4byte	.LVL10
 547 0107 24000000 		.4byte	.LFE1
 548 010b 0400     		.2byte	0x4
 549 010d F3       		.byte	0xf3
 550 010e 01       		.uleb128 0x1
 551 010f 52       		.byte	0x52
 552 0110 9F       		.byte	0x9f
 553 0111 00000000 		.4byte	0
 554 0115 00000000 		.4byte	0
 555              	.LLST0:
 556 0119 00000000 		.4byte	.LVL0
 557 011d 10000000 		.4byte	.LVL2
 558 0121 0100     		.2byte	0x1
 559 0123 50       		.byte	0x50
 560 0124 10000000 		.4byte	.LVL2
 561 0128 22000000 		.4byte	.LVL4
 562 012c 0400     		.2byte	0x4
 563 012e F3       		.byte	0xf3
 564 012f 01       		.uleb128 0x1
 565 0130 50       		.byte	0x50
 566 0131 9F       		.byte	0x9f
 567 0132 22000000 		.4byte	.LVL4
 568 0136 2A000000 		.4byte	.LVL5
 569 013a 0100     		.2byte	0x1
 570 013c 50       		.byte	0x50
ARM GAS  C:\Users\mathi\AppData\Local\Temp\ccs12Fro.s 			page 11


 571 013d 2A000000 		.4byte	.LVL5
 572 0141 3C000000 		.4byte	.LFE0
 573 0145 0400     		.2byte	0x4
 574 0147 F3       		.byte	0xf3
 575 0148 01       		.uleb128 0x1
 576 0149 50       		.byte	0x50
 577 014a 9F       		.byte	0x9f
 578 014b 00000000 		.4byte	0
 579 014f 00000000 		.4byte	0
 580              	.LLST1:
 581 0153 00000000 		.4byte	.LVL0
 582 0157 10000000 		.4byte	.LVL2
 583 015b 0100     		.2byte	0x1
 584 015d 51       		.byte	0x51
 585 015e 10000000 		.4byte	.LVL2
 586 0162 22000000 		.4byte	.LVL4
 587 0166 0400     		.2byte	0x4
 588 0168 F3       		.byte	0xf3
 589 0169 01       		.uleb128 0x1
 590 016a 51       		.byte	0x51
 591 016b 9F       		.byte	0x9f
 592 016c 22000000 		.4byte	.LVL4
 593 0170 32000000 		.4byte	.LVL6
 594 0174 0100     		.2byte	0x1
 595 0176 51       		.byte	0x51
 596 0177 32000000 		.4byte	.LVL6
 597 017b 3C000000 		.4byte	.LFE0
 598 017f 0400     		.2byte	0x4
 599 0181 F3       		.byte	0xf3
 600 0182 01       		.uleb128 0x1
 601 0183 51       		.byte	0x51
 602 0184 9F       		.byte	0x9f
 603 0185 00000000 		.4byte	0
 604 0189 00000000 		.4byte	0
 605              	.LLST2:
 606 018d 00000000 		.4byte	.LVL0
 607 0191 14000000 		.4byte	.LVL3
 608 0195 0100     		.2byte	0x1
 609 0197 52       		.byte	0x52
 610 0198 14000000 		.4byte	.LVL3
 611 019c 22000000 		.4byte	.LVL4
 612 01a0 0400     		.2byte	0x4
 613 01a2 F3       		.byte	0xf3
 614 01a3 01       		.uleb128 0x1
 615 01a4 52       		.byte	0x52
 616 01a5 9F       		.byte	0x9f
 617 01a6 22000000 		.4byte	.LVL4
 618 01aa 34000000 		.4byte	.LVL7
 619 01ae 0100     		.2byte	0x1
 620 01b0 52       		.byte	0x52
 621 01b1 34000000 		.4byte	.LVL7
 622 01b5 3C000000 		.4byte	.LFE0
 623 01b9 0400     		.2byte	0x4
 624 01bb F3       		.byte	0xf3
 625 01bc 01       		.uleb128 0x1
 626 01bd 52       		.byte	0x52
 627 01be 9F       		.byte	0x9f
ARM GAS  C:\Users\mathi\AppData\Local\Temp\ccs12Fro.s 			page 12


 628 01bf 00000000 		.4byte	0
 629 01c3 00000000 		.4byte	0
 630              	.LLST3:
 631 01c7 00000000 		.4byte	.LVL0
 632 01cb 04000000 		.4byte	.LVL1
 633 01cf 0100     		.2byte	0x1
 634 01d1 53       		.byte	0x53
 635 01d2 04000000 		.4byte	.LVL1
 636 01d6 3C000000 		.4byte	.LFE0
 637 01da 0400     		.2byte	0x4
 638 01dc F3       		.byte	0xf3
 639 01dd 01       		.uleb128 0x1
 640 01de 53       		.byte	0x53
 641 01df 9F       		.byte	0x9f
 642 01e0 00000000 		.4byte	0
 643 01e4 00000000 		.4byte	0
 644              		.section	.debug_aranges,"",%progbits
 645 0000 2C000000 		.4byte	0x2c
 646 0004 0200     		.2byte	0x2
 647 0006 00000000 		.4byte	.Ldebug_info0
 648 000a 04       		.byte	0x4
 649 000b 00       		.byte	0
 650 000c 0000     		.2byte	0
 651 000e 0000     		.2byte	0
 652 0010 00000000 		.4byte	.LFB0
 653 0014 3C000000 		.4byte	.LFE0-.LFB0
 654 0018 00000000 		.4byte	.LFB1
 655 001c 24000000 		.4byte	.LFE1-.LFB1
 656 0020 00000000 		.4byte	.LFB2
 657 0024 24000000 		.4byte	.LFE2-.LFB2
 658 0028 00000000 		.4byte	0
 659 002c 00000000 		.4byte	0
 660              		.section	.debug_ranges,"",%progbits
 661              	.Ldebug_ranges0:
 662 0000 00000000 		.4byte	.LFB0
 663 0004 3C000000 		.4byte	.LFE0
 664 0008 00000000 		.4byte	.LFB1
 665 000c 24000000 		.4byte	.LFE1
 666 0010 00000000 		.4byte	.LFB2
 667 0014 24000000 		.4byte	.LFE2
 668 0018 00000000 		.4byte	0
 669 001c 00000000 		.4byte	0
 670              		.section	.debug_line,"",%progbits
 671              	.Ldebug_line0:
 672 0000 96000000 		.section	.debug_str,"MS",%progbits,1
 672      02005000 
 672      00000201 
 672      FB0E0D00 
 672      01010101 
 673              	.LASF1:
 674 0000 50616765 		.ascii	"Page\000"
 674      00
 675              	.LASF4:
 676 0005 57726974 		.ascii	"WriteEE\000"
 676      65454500 
 677              	.LASF8:
 678 000d 474E5520 		.ascii	"GNU C11 7.2.1 20170904 (release) [ARM/embedded-7-br"
ARM GAS  C:\Users\mathi\AppData\Local\Temp\ccs12Fro.s 			page 13


 678      43313120 
 678      372E322E 
 678      31203230 
 678      31373039 
 679 0040 616E6368 		.ascii	"anch revision 255204] -mcpu=cortex-m4 -mfloat-abi=h"
 679      20726576 
 679      6973696F 
 679      6E203235 
 679      35323034 
 680 0073 61726420 		.ascii	"ard -mfpu=fpv4-sp-d16 -mno-thumb-interwork -mthumb "
 680      2D6D6670 
 680      753D6670 
 680      76342D73 
 680      702D6431 
 681 00a6 2D676764 		.ascii	"-ggdb -O3 -fomit-frame-pointer -falign-functions=16"
 681      62202D4F 
 681      33202D66 
 681      6F6D6974 
 681      2D667261 
 682 00d9 202D666E 		.ascii	" -fno-strict-aliasing -fstack-protector-all -ffunct"
 682      6F2D7374 
 682      72696374 
 682      2D616C69 
 682      6173696E 
 683 010c 696F6E2D 		.ascii	"ion-sections -fdata-sections -fno-common -fsingle-p"
 683      73656374 
 683      696F6E73 
 683      202D6664 
 683      6174612D 
 684 013f 72656369 		.ascii	"recision-constant\000"
 684      73696F6E 
 684      2D636F6E 
 684      7374616E 
 684      7400
 685              	.LASF5:
 686 0151 45726173 		.ascii	"EraseEE\000"
 686      65454500 
 687              	.LASF10:
 688 0159 433A5C55 		.ascii	"C:\\Users\\mathi\\Documents\\robotique\\robotics_pr"
 688      73657273 
 688      5C6D6174 
 688      68695C44 
 688      6F63756D 
 689 0187 6F6A6563 		.ascii	"oject\\robotics_project\\robotics_project\000"
 689      745C726F 
 689      626F7469 
 689      63735F70 
 689      726F6A65 
 690              	.LASF2:
 691 01af 4F666673 		.ascii	"Offset\000"
 691      657400
 692              	.LASF0:
 693 01b6 44617461 		.ascii	"DataIn\000"
 693      496E00
 694              	.LASF3:
 695 01bd 53697A65 		.ascii	"Size\000"
 695      00
ARM GAS  C:\Users\mathi\AppData\Local\Temp\ccs12Fro.s 			page 14


 696              	.LASF9:
 697 01c2 2E2E2F2E 		.ascii	"../../lib/e-puck2_main-processor/src/epuck1x/DataEE"
 697      2E2F6C69 
 697      622F652D 
 697      7075636B 
 697      325F6D61 
 698 01f5 50524F4D 		.ascii	"PROM.c\000"
 698      2E6300
 699              	.LASF6:
 700 01fc 52656164 		.ascii	"ReadEE\000"
 700      454500
 701              	.LASF11:
 702 0203 5F5F7374 		.ascii	"__stack_chk_fail\000"
 702      61636B5F 
 702      63686B5F 
 702      6661696C 
 702      00
 703              	.LASF7:
 704 0214 44617461 		.ascii	"DataOut\000"
 704      4F757400 
 705              		.ident	"GCC: (GNU Tools for Arm Embedded Processors 7-2017-q4-major) 7.2.1 20170904 (release) [ARM
ARM GAS  C:\Users\mathi\AppData\Local\Temp\ccs12Fro.s 			page 15


DEFINED SYMBOLS
                            *ABS*:00000000 DataEEPROM.c
C:\Users\mathi\AppData\Local\Temp\ccs12Fro.s:18     .text.ReadEE:00000000 $t
C:\Users\mathi\AppData\Local\Temp\ccs12Fro.s:26     .text.ReadEE:00000000 ReadEE
C:\Users\mathi\AppData\Local\Temp\ccs12Fro.s:87     .text.ReadEE:00000038 $d
C:\Users\mathi\AppData\Local\Temp\ccs12Fro.s:92     .text.EraseEE:00000000 $t
C:\Users\mathi\AppData\Local\Temp\ccs12Fro.s:100    .text.EraseEE:00000000 EraseEE
C:\Users\mathi\AppData\Local\Temp\ccs12Fro.s:137    .text.EraseEE:00000020 $d
C:\Users\mathi\AppData\Local\Temp\ccs12Fro.s:142    .text.WriteEE:00000000 $t
C:\Users\mathi\AppData\Local\Temp\ccs12Fro.s:150    .text.WriteEE:00000000 WriteEE
C:\Users\mathi\AppData\Local\Temp\ccs12Fro.s:188    .text.WriteEE:00000020 $d

UNDEFINED SYMBOLS
__stack_chk_fail
__stack_chk_guard
