ARM GAS  C:\Users\mathi\AppData\Local\Temp\ccKNUepx.s 			page 1


   1              		.cpu cortex-m4
   2              		.eabi_attribute 27, 1
   3              		.eabi_attribute 28, 1
   4              		.eabi_attribute 20, 1
   5              		.eabi_attribute 21, 1
   6              		.eabi_attribute 23, 3
   7              		.eabi_attribute 24, 1
   8              		.eabi_attribute 25, 1
   9              		.eabi_attribute 26, 1
  10              		.eabi_attribute 30, 2
  11              		.eabi_attribute 34, 1
  12              		.eabi_attribute 18, 4
  13              		.file	"flash.c"
  14              		.text
  15              	.Ltext0:
  16              		.cfi_sections	.debug_frame
  17              		.section	.text.flash_addr_to_sector,"ax",%progbits
  18              		.align	1
  19              		.p2align 4,,15
  20              		.global	flash_addr_to_sector
  21              		.syntax unified
  22              		.thumb
  23              		.thumb_func
  24              		.fpu fpv4-sp-d16
  25              		.type	flash_addr_to_sector, %function
  26              	flash_addr_to_sector:
  27              	.LFB0:
  28              		.file 1 "../../lib/e-puck2_main-processor/src/flash/flash.c"
  29              		.loc 1 28 0
  30              		.cfi_startproc
  31              		@ args = 0, pretend = 0, frame = 8
  32              		@ frame_needed = 0, uses_anonymous_args = 0
  33              	.LVL0:
  34 0000 00B5     		push	{lr}
  35              		.cfi_def_cfa_offset 4
  36              		.cfi_offset 14, -4
  37 0002 104A     		ldr	r2, .L10
  38 0004 83B0     		sub	sp, sp, #12
  39              		.cfi_def_cfa_offset 16
  40              		.loc 1 28 0
  41 0006 1368     		ldr	r3, [r2]
  42 0008 0193     		str	r3, [sp, #4]
  43              	.LVL1:
  44              		.loc 1 31 0
  45 000a 20F07F43 		bic	r3, r0, #-16777216
  46              	.LVL2:
  47              		.loc 1 32 0
  48 000e B3F5803F 		cmp	r3, #65536
  49 0012 0ED2     		bcs	.L2
  50              		.loc 1 33 0
  51 0014 C3F38733 		ubfx	r3, r3, #14, #8
  52              	.LVL3:
  53              	.L3:
  54              		.loc 1 39 0
  55 0018 B0F1016F 		cmp	r0, #135266304
  56              		.loc 1 44 0
  57 001c 0199     		ldr	r1, [sp, #4]
ARM GAS  C:\Users\mathi\AppData\Local\Temp\ccKNUepx.s 			page 2


  58 001e 1268     		ldr	r2, [r2]
  59              		.loc 1 41 0
  60 0020 24BF     		itt	cs
  61 0022 0C33     		addcs	r3, r3, #12
  62              	.LVL4:
  63 0024 DBB2     		uxtbcs	r3, r3
  64              	.LVL5:
  65              		.loc 1 44 0
  66 0026 9142     		cmp	r1, r2
  67 0028 1846     		mov	r0, r3
  68              	.LVL6:
  69 002a 09D1     		bne	.L9
  70 002c 03B0     		add	sp, sp, #12
  71              		.cfi_remember_state
  72              		.cfi_def_cfa_offset 4
  73              		@ sp needed
  74 002e 5DF804FB 		ldr	pc, [sp], #4
  75              	.LVL7:
  76              	.L2:
  77              		.cfi_restore_state
  78              		.loc 1 34 0
  79 0032 B3F5003F 		cmp	r3, #131072
  80              		.loc 1 37 0
  81 0036 26BF     		itte	cs
  82 0038 5B0C     		lsrcs	r3, r3, #17
  83              	.LVL8:
  84 003a 0433     		addcs	r3, r3, #4
  85              	.LVL9:
  86              		.loc 1 35 0
  87 003c 0423     		movcc	r3, #4
  88              	.LVL10:
  89 003e EBE7     		b	.L3
  90              	.LVL11:
  91              	.L9:
  92              		.loc 1 44 0
  93 0040 FFF7FEFF 		bl	__stack_chk_fail
  94              	.LVL12:
  95              	.L11:
  96              		.align	2
  97              	.L10:
  98 0044 00000000 		.word	__stack_chk_guard
  99              		.cfi_endproc
 100              	.LFE0:
 101              		.size	flash_addr_to_sector, .-flash_addr_to_sector
 102              		.section	.text.flash_lock,"ax",%progbits
 103              		.align	1
 104              		.p2align 4,,15
 105              		.global	flash_lock
 106              		.syntax unified
 107              		.thumb
 108              		.thumb_func
 109              		.fpu fpv4-sp-d16
 110              		.type	flash_lock, %function
 111              	flash_lock:
 112              	.LFB1:
 113              		.loc 1 47 0
 114              		.cfi_startproc
ARM GAS  C:\Users\mathi\AppData\Local\Temp\ccKNUepx.s 			page 3


 115              		@ args = 0, pretend = 0, frame = 8
 116              		@ frame_needed = 0, uses_anonymous_args = 0
 117 0000 00B5     		push	{lr}
 118              		.cfi_def_cfa_offset 4
 119              		.cfi_offset 14, -4
 120 0002 094A     		ldr	r2, .L16
 121              		.loc 1 48 0
 122 0004 0949     		ldr	r1, .L16+4
 123              		.loc 1 47 0
 124 0006 1368     		ldr	r3, [r2]
 125 0008 83B0     		sub	sp, sp, #12
 126              		.cfi_def_cfa_offset 16
 127              		.loc 1 47 0
 128 000a 0193     		str	r3, [sp, #4]
 129              		.loc 1 48 0
 130 000c 0B68     		ldr	r3, [r1]
 131 000e 43F00043 		orr	r3, r3, #-2147483648
 132 0012 0B60     		str	r3, [r1]
 133              		.loc 1 49 0
 134 0014 0199     		ldr	r1, [sp, #4]
 135 0016 1368     		ldr	r3, [r2]
 136 0018 9942     		cmp	r1, r3
 137 001a 02D1     		bne	.L15
 138 001c 03B0     		add	sp, sp, #12
 139              		.cfi_remember_state
 140              		.cfi_def_cfa_offset 4
 141              		@ sp needed
 142 001e 5DF804FB 		ldr	pc, [sp], #4
 143              	.L15:
 144              		.cfi_restore_state
 145 0022 FFF7FEFF 		bl	__stack_chk_fail
 146              	.LVL13:
 147              	.L17:
 148 0026 00BF     		.align	2
 149              	.L16:
 150 0028 00000000 		.word	__stack_chk_guard
 151 002c 103C0240 		.word	1073888272
 152              		.cfi_endproc
 153              	.LFE1:
 154              		.size	flash_lock, .-flash_lock
 155              		.section	.text.flash_unlock,"ax",%progbits
 156              		.align	1
 157              		.p2align 4,,15
 158              		.global	flash_unlock
 159              		.syntax unified
 160              		.thumb
 161              		.thumb_func
 162              		.fpu fpv4-sp-d16
 163              		.type	flash_unlock, %function
 164              	flash_unlock:
 165              	.LFB2:
 166              		.loc 1 52 0
 167              		.cfi_startproc
 168              		@ args = 0, pretend = 0, frame = 8
 169              		@ frame_needed = 0, uses_anonymous_args = 0
 170 0000 30B5     		push	{r4, r5, lr}
 171              		.cfi_def_cfa_offset 12
ARM GAS  C:\Users\mathi\AppData\Local\Temp\ccKNUepx.s 			page 4


 172              		.cfi_offset 4, -12
 173              		.cfi_offset 5, -8
 174              		.cfi_offset 14, -4
 175 0002 0B4A     		ldr	r2, .L22
 176              		.loc 1 54 0
 177 0004 0B48     		ldr	r0, .L22+4
 178              		.loc 1 52 0
 179 0006 1368     		ldr	r3, [r2]
 180              		.loc 1 57 0
 181 0008 0B49     		ldr	r1, .L22+8
 182 000a 0C4D     		ldr	r5, .L22+12
 183              		.loc 1 58 0
 184 000c 0C4C     		ldr	r4, .L22+16
 185              		.loc 1 52 0
 186 000e 83B0     		sub	sp, sp, #12
 187              		.cfi_def_cfa_offset 24
 188              		.loc 1 52 0
 189 0010 0193     		str	r3, [sp, #4]
 190              		.loc 1 54 0
 191 0012 0368     		ldr	r3, [r0]
 192 0014 43F00043 		orr	r3, r3, #-2147483648
 193 0018 0360     		str	r3, [r0]
 194              		.loc 1 57 0
 195 001a 0D60     		str	r5, [r1]
 196              		.loc 1 58 0
 197 001c 0C60     		str	r4, [r1]
 198              		.loc 1 59 0
 199 001e 0199     		ldr	r1, [sp, #4]
 200 0020 1368     		ldr	r3, [r2]
 201 0022 9942     		cmp	r1, r3
 202 0024 01D1     		bne	.L21
 203 0026 03B0     		add	sp, sp, #12
 204              		.cfi_remember_state
 205              		.cfi_def_cfa_offset 12
 206              		@ sp needed
 207 0028 30BD     		pop	{r4, r5, pc}
 208              	.L21:
 209              		.cfi_restore_state
 210 002a FFF7FEFF 		bl	__stack_chk_fail
 211              	.LVL14:
 212              	.L23:
 213 002e 00BF     		.align	2
 214              	.L22:
 215 0030 00000000 		.word	__stack_chk_guard
 216 0034 103C0240 		.word	1073888272
 217 0038 043C0240 		.word	1073888260
 218 003c 23016745 		.word	1164378403
 219 0040 AB89EFCD 		.word	-839939669
 220              		.cfi_endproc
 221              	.LFE2:
 222              		.size	flash_unlock, .-flash_unlock
 223              		.section	.text.flash_write,"ax",%progbits
 224              		.align	1
 225              		.p2align 4,,15
 226              		.global	flash_write
 227              		.syntax unified
 228              		.thumb
ARM GAS  C:\Users\mathi\AppData\Local\Temp\ccKNUepx.s 			page 5


 229              		.thumb_func
 230              		.fpu fpv4-sp-d16
 231              		.type	flash_write, %function
 232              	flash_write:
 233              	.LFB6:
 234              		.loc 1 85 0
 235              		.cfi_startproc
 236              		@ args = 0, pretend = 0, frame = 8
 237              		@ frame_needed = 0, uses_anonymous_args = 0
 238              	.LVL15:
 239 0000 F0B5     		push	{r4, r5, r6, r7, lr}
 240              		.cfi_def_cfa_offset 20
 241              		.cfi_offset 4, -20
 242              		.cfi_offset 5, -16
 243              		.cfi_offset 6, -12
 244              		.cfi_offset 7, -8
 245              		.cfi_offset 14, -4
 246 0002 164E     		ldr	r6, .L35
 247              	.LBB20:
 248              	.LBB21:
 249              		.loc 1 69 0
 250 0004 164C     		ldr	r4, .L35+4
 251              	.LBE21:
 252              	.LBE20:
 253              		.loc 1 85 0
 254 0006 3368     		ldr	r3, [r6]
 255 0008 83B0     		sub	sp, sp, #12
 256              		.cfi_def_cfa_offset 32
 257              		.loc 1 85 0
 258 000a 0193     		str	r3, [sp, #4]
 259              	.L25:
 260              	.LBB23:
 261              	.LBB22:
 262              		.loc 1 69 0
 263 000c 2368     		ldr	r3, [r4]
 264 000e DD03     		lsls	r5, r3, #15
 265 0010 FCD4     		bmi	.L25
 266              	.LBE22:
 267              	.LBE23:
 268              	.LBB24:
 269              	.LBB25:
 270              		.loc 1 64 0
 271 0012 144D     		ldr	r5, .L35+8
 272              	.LBE25:
 273              	.LBE24:
 274              	.LBB28:
 275              	.LBB29:
 276              	.LBB30:
 277              	.LBB31:
 278              		.loc 1 69 0
 279 0014 124C     		ldr	r4, .L35+4
 280              	.LBE31:
 281              	.LBE30:
 282              	.LBE29:
 283              	.LBE28:
 284              	.LBB36:
 285              	.LBB26:
ARM GAS  C:\Users\mathi\AppData\Local\Temp\ccKNUepx.s 			page 6


 286              		.loc 1 64 0
 287 0016 2B68     		ldr	r3, [r5]
 288 0018 0A44     		add	r2, r2, r1
 289              	.LVL16:
 290 001a 23F44073 		bic	r3, r3, #768
 291              	.LBE26:
 292              	.LBE36:
 293              		.loc 1 97 0
 294 001e 9142     		cmp	r1, r2
 295 0020 00F1FF30 		add	r0, r0, #-1
 296              	.LVL17:
 297              	.LBB37:
 298              	.LBB27:
 299              		.loc 1 64 0
 300 0024 2B60     		str	r3, [r5]
 301              	.LVL18:
 302              	.LBE27:
 303              	.LBE37:
 304              		.loc 1 97 0
 305 0026 0CD0     		beq	.L33
 306              	.LVL19:
 307              	.L28:
 308              	.LBB38:
 309              	.LBB34:
 310              		.loc 1 77 0
 311 0028 2B68     		ldr	r3, [r5]
 312              	.LBE34:
 313              	.LBE38:
 314              		.loc 1 98 0
 315 002a 11F8017B 		ldrb	r7, [r1], #1	@ zero_extendqisi2
 316              	.LVL20:
 317              	.LBB39:
 318              	.LBB35:
 319              		.loc 1 77 0
 320 002e 43F00103 		orr	r3, r3, #1
 321 0032 2B60     		str	r3, [r5]
 322              		.loc 1 79 0
 323 0034 00F8017F 		strb	r7, [r0, #1]!
 324              	.L27:
 325              	.LBB33:
 326              	.LBB32:
 327              		.loc 1 69 0
 328 0038 2368     		ldr	r3, [r4]
 329 003a DB03     		lsls	r3, r3, #15
 330 003c FCD4     		bmi	.L27
 331              	.LVL21:
 332              	.LBE32:
 333              	.LBE33:
 334              	.LBE35:
 335              	.LBE39:
 336              		.loc 1 97 0
 337 003e 9142     		cmp	r1, r2
 338 0040 F2D1     		bne	.L28
 339              	.LVL22:
 340              	.L33:
 341              		.loc 1 102 0
 342 0042 084A     		ldr	r2, .L35+8
ARM GAS  C:\Users\mathi\AppData\Local\Temp\ccKNUepx.s 			page 7


 343 0044 1368     		ldr	r3, [r2]
 344 0046 23F00103 		bic	r3, r3, #1
 345 004a 1360     		str	r3, [r2]
 346              		.loc 1 103 0
 347 004c 019A     		ldr	r2, [sp, #4]
 348 004e 3368     		ldr	r3, [r6]
 349 0050 9A42     		cmp	r2, r3
 350 0052 01D1     		bne	.L34
 351 0054 03B0     		add	sp, sp, #12
 352              		.cfi_remember_state
 353              		.cfi_def_cfa_offset 20
 354              		@ sp needed
 355 0056 F0BD     		pop	{r4, r5, r6, r7, pc}
 356              	.L34:
 357              		.cfi_restore_state
 358 0058 FFF7FEFF 		bl	__stack_chk_fail
 359              	.LVL23:
 360              	.L36:
 361              		.align	2
 362              	.L35:
 363 005c 00000000 		.word	__stack_chk_guard
 364 0060 0C3C0240 		.word	1073888268
 365 0064 103C0240 		.word	1073888272
 366              		.cfi_endproc
 367              	.LFE6:
 368              		.size	flash_write, .-flash_write
 369              		.section	.text.flash_sector_erase,"ax",%progbits
 370              		.align	1
 371              		.p2align 4,,15
 372              		.global	flash_sector_erase
 373              		.syntax unified
 374              		.thumb
 375              		.thumb_func
 376              		.fpu fpv4-sp-d16
 377              		.type	flash_sector_erase, %function
 378              	flash_sector_erase:
 379              	.LFB7:
 380              		.loc 1 106 0
 381              		.cfi_startproc
 382              		@ args = 0, pretend = 0, frame = 8
 383              		@ frame_needed = 0, uses_anonymous_args = 0
 384              	.LVL24:
 385 0000 10B5     		push	{r4, lr}
 386              		.cfi_def_cfa_offset 8
 387              		.cfi_offset 4, -8
 388              		.cfi_offset 14, -4
 389 0002 1F4C     		ldr	r4, .L49
 390 0004 82B0     		sub	sp, sp, #8
 391              		.cfi_def_cfa_offset 16
 392              		.loc 1 106 0
 393 0006 2368     		ldr	r3, [r4]
 394 0008 0193     		str	r3, [sp, #4]
 395              	.LVL25:
 396              	.LBB50:
 397              	.LBB51:
 398              		.loc 1 31 0
 399 000a 20F07F43 		bic	r3, r0, #-16777216
ARM GAS  C:\Users\mathi\AppData\Local\Temp\ccKNUepx.s 			page 8


 400              	.LVL26:
 401              		.loc 1 32 0
 402 000e B3F5803F 		cmp	r3, #65536
 403 0012 2CD2     		bcs	.L38
 404              		.loc 1 33 0
 405 0014 C3F38733 		ubfx	r3, r3, #14, #8
 406              	.LVL27:
 407              	.L39:
 408              		.loc 1 39 0
 409 0018 B0F1016F 		cmp	r0, #135266304
 410              	.LBE51:
 411              	.LBE50:
 412              	.LBB55:
 413              	.LBB56:
 414              	.LBB57:
 415              	.LBB58:
 416              		.loc 1 64 0
 417 001c 1948     		ldr	r0, .L49+4
 418              	.LVL28:
 419              	.LBE58:
 420              	.LBE57:
 421              	.LBB62:
 422              	.LBB63:
 423              		.loc 1 69 0
 424 001e 1A49     		ldr	r1, .L49+8
 425              	.LBE63:
 426              	.LBE62:
 427              	.LBB65:
 428              	.LBB59:
 429              		.loc 1 64 0
 430 0020 0268     		ldr	r2, [r0]
 431              	.LBE59:
 432              	.LBE65:
 433              	.LBE56:
 434              	.LBE55:
 435              	.LBB75:
 436              	.LBB52:
 437              		.loc 1 41 0
 438 0022 28BF     		it	cs
 439 0024 0C33     		addcs	r3, r3, #12
 440              	.LVL29:
 441              	.LBE52:
 442              	.LBE75:
 443              	.LBB76:
 444              	.LBB73:
 445              	.LBB66:
 446              	.LBB60:
 447              		.loc 1 64 0
 448 0026 22F44072 		bic	r2, r2, #768
 449              	.LBE60:
 450              	.LBE66:
 451              	.LBE73:
 452              	.LBE76:
 453              	.LBB77:
 454              	.LBB53:
 455              		.loc 1 41 0
 456 002a 28BF     		it	cs
ARM GAS  C:\Users\mathi\AppData\Local\Temp\ccKNUepx.s 			page 9


 457 002c DBB2     		uxtbcs	r3, r3
 458              	.LVL30:
 459              	.LBE53:
 460              	.LBE77:
 461              	.LBB78:
 462              	.LBB74:
 463              	.LBB67:
 464              	.LBB61:
 465              		.loc 1 64 0
 466 002e 0260     		str	r2, [r0]
 467              	.L41:
 468              	.LBE61:
 469              	.LBE67:
 470              	.LBB68:
 471              	.LBB64:
 472              		.loc 1 69 0
 473 0030 0A68     		ldr	r2, [r1]
 474 0032 D203     		lsls	r2, r2, #15
 475 0034 FCD4     		bmi	.L41
 476              	.LBE64:
 477              	.LBE68:
 478              		.loc 1 118 0
 479 0036 134A     		ldr	r2, .L49+4
 480              	.LBB69:
 481              	.LBB70:
 482              		.loc 1 69 0
 483 0038 1349     		ldr	r1, .L49+8
 484              	.LBE70:
 485              	.LBE69:
 486              		.loc 1 118 0
 487 003a 1068     		ldr	r0, [r2]
 488 003c 20F0F800 		bic	r0, r0, #248
 489 0040 1060     		str	r0, [r2]
 490              		.loc 1 119 0
 491 0042 1068     		ldr	r0, [r2]
 492 0044 DB00     		lsls	r3, r3, #3
 493              	.LVL31:
 494 0046 DBB2     		uxtb	r3, r3
 495 0048 0343     		orrs	r3, r3, r0
 496 004a 1360     		str	r3, [r2]
 497              		.loc 1 120 0
 498 004c 1368     		ldr	r3, [r2]
 499 004e 43F00203 		orr	r3, r3, #2
 500 0052 1360     		str	r3, [r2]
 501              		.loc 1 121 0
 502 0054 1368     		ldr	r3, [r2]
 503 0056 43F48033 		orr	r3, r3, #65536
 504 005a 1360     		str	r3, [r2]
 505              	.L42:
 506              	.LBB72:
 507              	.LBB71:
 508              		.loc 1 69 0
 509 005c 0B68     		ldr	r3, [r1]
 510 005e DB03     		lsls	r3, r3, #15
 511 0060 FCD4     		bmi	.L42
 512              	.LBE71:
 513              	.LBE72:
ARM GAS  C:\Users\mathi\AppData\Local\Temp\ccKNUepx.s 			page 10


 514              	.LBE74:
 515              	.LBE78:
 516              		.loc 1 110 0
 517 0062 019A     		ldr	r2, [sp, #4]
 518 0064 2368     		ldr	r3, [r4]
 519 0066 9A42     		cmp	r2, r3
 520 0068 08D1     		bne	.L48
 521 006a 02B0     		add	sp, sp, #8
 522              		.cfi_remember_state
 523              		.cfi_def_cfa_offset 8
 524              		@ sp needed
 525 006c 10BD     		pop	{r4, pc}
 526              	.LVL32:
 527              	.L38:
 528              		.cfi_restore_state
 529              	.LBB79:
 530              	.LBB54:
 531              		.loc 1 34 0
 532 006e B3F5003F 		cmp	r3, #131072
 533              		.loc 1 37 0
 534 0072 26BF     		itte	cs
 535 0074 5B0C     		lsrcs	r3, r3, #17
 536              	.LVL33:
 537 0076 0433     		addcs	r3, r3, #4
 538              	.LVL34:
 539              		.loc 1 35 0
 540 0078 0423     		movcc	r3, #4
 541              	.LVL35:
 542 007a CDE7     		b	.L39
 543              	.LVL36:
 544              	.L48:
 545              	.LBE54:
 546              	.LBE79:
 547              		.loc 1 110 0
 548 007c FFF7FEFF 		bl	__stack_chk_fail
 549              	.LVL37:
 550              	.L50:
 551              		.align	2
 552              	.L49:
 553 0080 00000000 		.word	__stack_chk_guard
 554 0084 103C0240 		.word	1073888272
 555 0088 0C3C0240 		.word	1073888268
 556              		.cfi_endproc
 557              	.LFE7:
 558              		.size	flash_sector_erase, .-flash_sector_erase
 559              		.section	.text.flash_sector_erase_number,"ax",%progbits
 560              		.align	1
 561              		.p2align 4,,15
 562              		.global	flash_sector_erase_number
 563              		.syntax unified
 564              		.thumb
 565              		.thumb_func
 566              		.fpu fpv4-sp-d16
 567              		.type	flash_sector_erase_number, %function
 568              	flash_sector_erase_number:
 569              	.LFB8:
 570              		.loc 1 113 0
ARM GAS  C:\Users\mathi\AppData\Local\Temp\ccKNUepx.s 			page 11


 571              		.cfi_startproc
 572              		@ args = 0, pretend = 0, frame = 8
 573              		@ frame_needed = 0, uses_anonymous_args = 0
 574              	.LVL38:
 575 0000 10B5     		push	{r4, lr}
 576              		.cfi_def_cfa_offset 8
 577              		.cfi_offset 4, -8
 578              		.cfi_offset 14, -4
 579 0002 154C     		ldr	r4, .L59
 580              	.LBB80:
 581              	.LBB81:
 582              		.loc 1 64 0
 583 0004 1549     		ldr	r1, .L59+4
 584              	.LBE81:
 585              	.LBE80:
 586              		.loc 1 113 0
 587 0006 2368     		ldr	r3, [r4]
 588              	.LBB83:
 589              	.LBB84:
 590              		.loc 1 69 0
 591 0008 154A     		ldr	r2, .L59+8
 592              	.LBE84:
 593              	.LBE83:
 594              		.loc 1 113 0
 595 000a 82B0     		sub	sp, sp, #8
 596              		.cfi_def_cfa_offset 16
 597              		.loc 1 113 0
 598 000c 0193     		str	r3, [sp, #4]
 599              	.LBB86:
 600              	.LBB82:
 601              		.loc 1 64 0
 602 000e 0B68     		ldr	r3, [r1]
 603 0010 23F44073 		bic	r3, r3, #768
 604 0014 0B60     		str	r3, [r1]
 605              	.L52:
 606              	.LBE82:
 607              	.LBE86:
 608              	.LBB87:
 609              	.LBB85:
 610              		.loc 1 69 0
 611 0016 1368     		ldr	r3, [r2]
 612 0018 D903     		lsls	r1, r3, #15
 613 001a FCD4     		bmi	.L52
 614              	.LBE85:
 615              	.LBE87:
 616              		.loc 1 118 0
 617 001c 0F4B     		ldr	r3, .L59+4
 618              	.LBB88:
 619              	.LBB89:
 620              		.loc 1 69 0
 621 001e 1049     		ldr	r1, .L59+8
 622              	.LBE89:
 623              	.LBE88:
 624              		.loc 1 118 0
 625 0020 1A68     		ldr	r2, [r3]
 626 0022 22F0F802 		bic	r2, r2, #248
 627 0026 1A60     		str	r2, [r3]
ARM GAS  C:\Users\mathi\AppData\Local\Temp\ccKNUepx.s 			page 12


 628              		.loc 1 119 0
 629 0028 C200     		lsls	r2, r0, #3
 630 002a 1868     		ldr	r0, [r3]
 631              	.LVL39:
 632 002c D2B2     		uxtb	r2, r2
 633 002e 0243     		orrs	r2, r2, r0
 634 0030 1A60     		str	r2, [r3]
 635              		.loc 1 120 0
 636 0032 1A68     		ldr	r2, [r3]
 637 0034 42F00202 		orr	r2, r2, #2
 638 0038 1A60     		str	r2, [r3]
 639              		.loc 1 121 0
 640 003a 1A68     		ldr	r2, [r3]
 641 003c 42F48032 		orr	r2, r2, #65536
 642 0040 1A60     		str	r2, [r3]
 643              	.L53:
 644              	.LBB91:
 645              	.LBB90:
 646              		.loc 1 69 0
 647 0042 0B68     		ldr	r3, [r1]
 648 0044 DB03     		lsls	r3, r3, #15
 649 0046 FCD4     		bmi	.L53
 650              	.LBE90:
 651              	.LBE91:
 652              		.loc 1 124 0
 653 0048 019A     		ldr	r2, [sp, #4]
 654 004a 2368     		ldr	r3, [r4]
 655 004c 9A42     		cmp	r2, r3
 656 004e 01D1     		bne	.L58
 657 0050 02B0     		add	sp, sp, #8
 658              		.cfi_remember_state
 659              		.cfi_def_cfa_offset 8
 660              		@ sp needed
 661 0052 10BD     		pop	{r4, pc}
 662              	.L58:
 663              		.cfi_restore_state
 664 0054 FFF7FEFF 		bl	__stack_chk_fail
 665              	.LVL40:
 666              	.L60:
 667              		.align	2
 668              	.L59:
 669 0058 00000000 		.word	__stack_chk_guard
 670 005c 103C0240 		.word	1073888272
 671 0060 0C3C0240 		.word	1073888268
 672              		.cfi_endproc
 673              	.LFE8:
 674              		.size	flash_sector_erase_number, .-flash_sector_erase_number
 675              		.text
 676              	.Letext0:
 677              		.file 2 "c:\\eclipse_e-puck2\\tools\\gcc-arm-none-eabi-7-2017-q4-major-win32\\arm-none-eabi\\inclu
 678              		.file 3 "c:\\eclipse_e-puck2\\tools\\gcc-arm-none-eabi-7-2017-q4-major-win32\\arm-none-eabi\\inclu
 679              		.file 4 "c:\\eclipse_e-puck2\\tools\\gcc-arm-none-eabi-7-2017-q4-major-win32\\lib\\gcc\\arm-none-e
 680              		.section	.debug_info,"",%progbits
 681              	.Ldebug_info0:
 682 0000 88030000 		.4byte	0x388
 683 0004 0400     		.2byte	0x4
 684 0006 00000000 		.4byte	.Ldebug_abbrev0
ARM GAS  C:\Users\mathi\AppData\Local\Temp\ccKNUepx.s 			page 13


 685 000a 04       		.byte	0x4
 686 000b 01       		.uleb128 0x1
 687 000c 53010000 		.4byte	.LASF27
 688 0010 0C       		.byte	0xc
 689 0011 BB020000 		.4byte	.LASF28
 690 0015 79000000 		.4byte	.LASF29
 691 0019 58010000 		.4byte	.Ldebug_ranges0+0x158
 692 001d 00000000 		.4byte	0
 693 0021 00000000 		.4byte	.Ldebug_line0
 694 0025 02       		.uleb128 0x2
 695 0026 01       		.byte	0x1
 696 0027 06       		.byte	0x6
 697 0028 4B030000 		.4byte	.LASF0
 698 002c 03       		.uleb128 0x3
 699 002d 00000000 		.4byte	.LASF5
 700 0031 02       		.byte	0x2
 701 0032 2B       		.byte	0x2b
 702 0033 37000000 		.4byte	0x37
 703 0037 02       		.uleb128 0x2
 704 0038 01       		.byte	0x1
 705 0039 08       		.byte	0x8
 706 003a D4000000 		.4byte	.LASF1
 707 003e 02       		.uleb128 0x2
 708 003f 02       		.byte	0x2
 709 0040 05       		.byte	0x5
 710 0041 03030000 		.4byte	.LASF2
 711 0045 02       		.uleb128 0x2
 712 0046 02       		.byte	0x2
 713 0047 07       		.byte	0x7
 714 0048 F4000000 		.4byte	.LASF3
 715 004c 02       		.uleb128 0x2
 716 004d 04       		.byte	0x4
 717 004e 05       		.byte	0x5
 718 004f 36030000 		.4byte	.LASF4
 719 0053 03       		.uleb128 0x3
 720 0054 48010000 		.4byte	.LASF6
 721 0058 02       		.byte	0x2
 722 0059 4F       		.byte	0x4f
 723 005a 5E000000 		.4byte	0x5e
 724 005e 02       		.uleb128 0x2
 725 005f 04       		.byte	0x4
 726 0060 07       		.byte	0x7
 727 0061 E2000000 		.4byte	.LASF7
 728 0065 02       		.uleb128 0x2
 729 0066 08       		.byte	0x8
 730 0067 05       		.byte	0x5
 731 0068 EE020000 		.4byte	.LASF8
 732 006c 02       		.uleb128 0x2
 733 006d 08       		.byte	0x8
 734 006e 07       		.byte	0x7
 735 006f A4020000 		.4byte	.LASF9
 736 0073 04       		.uleb128 0x4
 737 0074 04       		.byte	0x4
 738 0075 05       		.byte	0x5
 739 0076 696E7400 		.ascii	"int\000"
 740 007a 02       		.uleb128 0x2
 741 007b 04       		.byte	0x4
ARM GAS  C:\Users\mathi\AppData\Local\Temp\ccKNUepx.s 			page 14


 742 007c 07       		.byte	0x7
 743 007d 97020000 		.4byte	.LASF10
 744 0081 03       		.uleb128 0x3
 745 0082 52000000 		.4byte	.LASF11
 746 0086 03       		.byte	0x3
 747 0087 18       		.byte	0x18
 748 0088 2C000000 		.4byte	0x2c
 749 008c 03       		.uleb128 0x3
 750 008d 2D030000 		.4byte	.LASF12
 751 0091 03       		.byte	0x3
 752 0092 30       		.byte	0x30
 753 0093 53000000 		.4byte	0x53
 754 0097 03       		.uleb128 0x3
 755 0098 0A000000 		.4byte	.LASF13
 756 009c 04       		.byte	0x4
 757 009d D8       		.byte	0xd8
 758 009e 7A000000 		.4byte	0x7a
 759 00a2 02       		.uleb128 0x2
 760 00a3 08       		.byte	0x8
 761 00a4 04       		.byte	0x4
 762 00a5 3F030000 		.4byte	.LASF14
 763 00a9 05       		.uleb128 0x5
 764 00aa 13030000 		.4byte	.LASF30
 765 00ae 01       		.byte	0x1
 766 00af 70       		.byte	0x70
 767 00b0 01       		.byte	0x1
 768 00b1 C1000000 		.4byte	0xc1
 769 00b5 06       		.uleb128 0x6
 770 00b6 38000000 		.4byte	.LASF19
 771 00ba 01       		.byte	0x1
 772 00bb 70       		.byte	0x70
 773 00bc 81000000 		.4byte	0x81
 774 00c0 00       		.byte	0
 775 00c1 07       		.uleb128 0x7
 776 00c2 3F000000 		.4byte	.LASF15
 777 00c6 01       		.byte	0x1
 778 00c7 69       		.byte	0x69
 779 00c8 00000000 		.4byte	.LFB7
 780 00cc 8C000000 		.4byte	.LFE7-.LFB7
 781 00d0 01       		.uleb128 0x1
 782 00d1 9C       		.byte	0x9c
 783 00d2 7A010000 		.4byte	0x17a
 784 00d6 08       		.uleb128 0x8
 785 00d7 74000000 		.4byte	.LASF17
 786 00db 01       		.byte	0x1
 787 00dc 69       		.byte	0x69
 788 00dd 7A010000 		.4byte	0x17a
 789 00e1 00000000 		.4byte	.LLST11
 790 00e5 09       		.uleb128 0x9
 791 00e6 38000000 		.4byte	.LASF19
 792 00ea 01       		.byte	0x1
 793 00eb 6B       		.byte	0x6b
 794 00ec 8C000000 		.4byte	0x8c
 795 00f0 3A000000 		.4byte	.LLST12
 796 00f4 0A       		.uleb128 0xa
 797 00f5 B3020000 		.4byte	0x2b3
 798 00f9 0A000000 		.4byte	.LBB50
ARM GAS  C:\Users\mathi\AppData\Local\Temp\ccKNUepx.s 			page 15


 799 00fd 70000000 		.4byte	.Ldebug_ranges0+0x70
 800 0101 01       		.byte	0x1
 801 0102 6B       		.byte	0x6b
 802 0103 26010000 		.4byte	0x126
 803 0107 0B       		.uleb128 0xb
 804 0108 C3020000 		.4byte	0x2c3
 805 010c 52000000 		.4byte	.LLST13
 806 0110 0C       		.uleb128 0xc
 807 0111 70000000 		.4byte	.Ldebug_ranges0+0x70
 808 0115 0D       		.uleb128 0xd
 809 0116 0A030000 		.4byte	0x30a
 810 011a 0D       		.uleb128 0xd
 811 011b 13030000 		.4byte	0x313
 812 011f 0D       		.uleb128 0xd
 813 0120 1C030000 		.4byte	0x31c
 814 0124 00       		.byte	0
 815 0125 00       		.byte	0
 816 0126 0A       		.uleb128 0xa
 817 0127 A9000000 		.4byte	0xa9
 818 012b 1C000000 		.4byte	.LBB55
 819 012f 98000000 		.4byte	.Ldebug_ranges0+0x98
 820 0133 01       		.byte	0x1
 821 0134 6D       		.byte	0x6d
 822 0135 70010000 		.4byte	0x170
 823 0139 0B       		.uleb128 0xb
 824 013a B5000000 		.4byte	0xb5
 825 013e 7E000000 		.4byte	.LLST14
 826 0142 0E       		.uleb128 0xe
 827 0143 6D020000 		.4byte	0x26d
 828 0147 1C000000 		.4byte	.LBB57
 829 014b B8000000 		.4byte	.Ldebug_ranges0+0xb8
 830 014f 01       		.byte	0x1
 831 0150 72       		.byte	0x72
 832 0151 0E       		.uleb128 0xe
 833 0152 65020000 		.4byte	0x265
 834 0156 1E000000 		.4byte	.LBB62
 835 015a E0000000 		.4byte	.Ldebug_ranges0+0xe0
 836 015e 01       		.byte	0x1
 837 015f 74       		.byte	0x74
 838 0160 0E       		.uleb128 0xe
 839 0161 65020000 		.4byte	0x265
 840 0165 38000000 		.4byte	.LBB69
 841 0169 F8000000 		.4byte	.Ldebug_ranges0+0xf8
 842 016d 01       		.byte	0x1
 843 016e 7B       		.byte	0x7b
 844 016f 00       		.byte	0
 845 0170 0F       		.uleb128 0xf
 846 0171 80000000 		.4byte	.LVL37
 847 0175 82030000 		.4byte	0x382
 848 0179 00       		.byte	0
 849 017a 10       		.uleb128 0x10
 850 017b 04       		.byte	0x4
 851 017c 07       		.uleb128 0x7
 852 017d 3C010000 		.4byte	.LASF16
 853 0181 01       		.byte	0x1
 854 0182 54       		.byte	0x54
 855 0183 00000000 		.4byte	.LFB6
ARM GAS  C:\Users\mathi\AppData\Local\Temp\ccKNUepx.s 			page 16


 856 0187 68000000 		.4byte	.LFE6-.LFB6
 857 018b 01       		.uleb128 0x1
 858 018c 9C       		.byte	0x9c
 859 018d 35020000 		.4byte	0x235
 860 0191 08       		.uleb128 0x8
 861 0192 74000000 		.4byte	.LASF17
 862 0196 01       		.byte	0x1
 863 0197 54       		.byte	0x54
 864 0198 7A010000 		.4byte	0x17a
 865 019c 91000000 		.4byte	.LLST4
 866 01a0 08       		.uleb128 0x8
 867 01a1 CF000000 		.4byte	.LASF18
 868 01a5 01       		.byte	0x1
 869 01a6 54       		.byte	0x54
 870 01a7 35020000 		.4byte	0x235
 871 01ab BF000000 		.4byte	.LLST5
 872 01af 11       		.uleb128 0x11
 873 01b0 6C656E00 		.ascii	"len\000"
 874 01b4 01       		.byte	0x1
 875 01b5 54       		.byte	0x54
 876 01b6 97000000 		.4byte	0x97
 877 01ba E0000000 		.4byte	.LLST6
 878 01be 12       		.uleb128 0x12
 879 01bf 7200     		.ascii	"r\000"
 880 01c1 01       		.byte	0x1
 881 01c2 5E       		.byte	0x5e
 882 01c3 3C020000 		.4byte	0x23c
 883 01c7 21010000 		.4byte	.LLST7
 884 01cb 12       		.uleb128 0x12
 885 01cc 7700     		.ascii	"w\000"
 886 01ce 01       		.byte	0x1
 887 01cf 5F       		.byte	0x5f
 888 01d0 3C020000 		.4byte	0x23c
 889 01d4 4C010000 		.4byte	.LLST8
 890 01d8 0E       		.uleb128 0xe
 891 01d9 65020000 		.4byte	0x265
 892 01dd 04000000 		.4byte	.LBB20
 893 01e1 00000000 		.4byte	.Ldebug_ranges0+0
 894 01e5 01       		.byte	0x1
 895 01e6 56       		.byte	0x56
 896 01e7 0E       		.uleb128 0xe
 897 01e8 6D020000 		.4byte	0x26d
 898 01ec 12000000 		.4byte	.LBB24
 899 01f0 18000000 		.4byte	.Ldebug_ranges0+0x18
 900 01f4 01       		.byte	0x1
 901 01f5 5C       		.byte	0x5c
 902 01f6 0A       		.uleb128 0xa
 903 01f7 42020000 		.4byte	0x242
 904 01fb 14000000 		.4byte	.LBB28
 905 01ff 38000000 		.4byte	.Ldebug_ranges0+0x38
 906 0203 01       		.byte	0x1
 907 0204 62       		.byte	0x62
 908 0205 2B020000 		.4byte	0x22b
 909 0209 0B       		.uleb128 0xb
 910 020a 59020000 		.4byte	0x259
 911 020e 7F010000 		.4byte	.LLST9
 912 0212 0B       		.uleb128 0xb
ARM GAS  C:\Users\mathi\AppData\Local\Temp\ccKNUepx.s 			page 17


 913 0213 4E020000 		.4byte	0x24e
 914 0217 92010000 		.4byte	.LLST10
 915 021b 0E       		.uleb128 0xe
 916 021c 65020000 		.4byte	0x265
 917 0220 14000000 		.4byte	.LBB30
 918 0224 58000000 		.4byte	.Ldebug_ranges0+0x58
 919 0228 01       		.byte	0x1
 920 0229 51       		.byte	0x51
 921 022a 00       		.byte	0
 922 022b 0F       		.uleb128 0xf
 923 022c 5C000000 		.4byte	.LVL23
 924 0230 82030000 		.4byte	0x382
 925 0234 00       		.byte	0
 926 0235 13       		.uleb128 0x13
 927 0236 04       		.byte	0x4
 928 0237 3B020000 		.4byte	0x23b
 929 023b 14       		.uleb128 0x14
 930 023c 13       		.uleb128 0x13
 931 023d 04       		.byte	0x4
 932 023e 81000000 		.4byte	0x81
 933 0242 15       		.uleb128 0x15
 934 0243 11000000 		.4byte	.LASF31
 935 0247 01       		.byte	0x1
 936 0248 4A       		.byte	0x4a
 937 0249 01       		.byte	0x1
 938 024a 65020000 		.4byte	0x265
 939 024e 06       		.uleb128 0x6
 940 024f 0D030000 		.4byte	.LASF20
 941 0253 01       		.byte	0x1
 942 0254 4A       		.byte	0x4a
 943 0255 3C020000 		.4byte	0x23c
 944 0259 06       		.uleb128 0x6
 945 025a 6F000000 		.4byte	.LASF21
 946 025e 01       		.byte	0x1
 947 025f 4A       		.byte	0x4a
 948 0260 81000000 		.4byte	0x81
 949 0264 00       		.byte	0
 950 0265 16       		.uleb128 0x16
 951 0266 22000000 		.4byte	.LASF22
 952 026a 01       		.byte	0x1
 953 026b 43       		.byte	0x43
 954 026c 01       		.byte	0x1
 955 026d 16       		.uleb128 0x16
 956 026e 23010000 		.4byte	.LASF23
 957 0272 01       		.byte	0x1
 958 0273 3D       		.byte	0x3d
 959 0274 01       		.byte	0x1
 960 0275 07       		.uleb128 0x7
 961 0276 57030000 		.4byte	.LASF24
 962 027a 01       		.byte	0x1
 963 027b 33       		.byte	0x33
 964 027c 00000000 		.4byte	.LFB2
 965 0280 44000000 		.4byte	.LFE2-.LFB2
 966 0284 01       		.uleb128 0x1
 967 0285 9C       		.byte	0x9c
 968 0286 94020000 		.4byte	0x294
 969 028a 0F       		.uleb128 0xf
ARM GAS  C:\Users\mathi\AppData\Local\Temp\ccKNUepx.s 			page 18


 970 028b 2E000000 		.4byte	.LVL14
 971 028f 82030000 		.4byte	0x382
 972 0293 00       		.byte	0
 973 0294 07       		.uleb128 0x7
 974 0295 07010000 		.4byte	.LASF25
 975 0299 01       		.byte	0x1
 976 029a 2E       		.byte	0x2e
 977 029b 00000000 		.4byte	.LFB1
 978 029f 30000000 		.4byte	.LFE1-.LFB1
 979 02a3 01       		.uleb128 0x1
 980 02a4 9C       		.byte	0x9c
 981 02a5 B3020000 		.4byte	0x2b3
 982 02a9 0F       		.uleb128 0xf
 983 02aa 26000000 		.4byte	.LVL13
 984 02ae 82030000 		.4byte	0x382
 985 02b2 00       		.byte	0
 986 02b3 17       		.uleb128 0x17
 987 02b4 5A000000 		.4byte	.LASF32
 988 02b8 01       		.byte	0x1
 989 02b9 1B       		.byte	0x1b
 990 02ba 81000000 		.4byte	0x81
 991 02be 01       		.byte	0x1
 992 02bf EE020000 		.4byte	0x2ee
 993 02c3 18       		.uleb128 0x18
 994 02c4 7000     		.ascii	"p\000"
 995 02c6 01       		.byte	0x1
 996 02c7 1B       		.byte	0x1b
 997 02c8 7A010000 		.4byte	0x17a
 998 02cc 19       		.uleb128 0x19
 999 02cd 74000000 		.4byte	.LASF17
 1000 02d1 01       		.byte	0x1
 1001 02d2 1D       		.byte	0x1d
 1002 02d3 8C000000 		.4byte	0x8c
 1003 02d7 19       		.uleb128 0x19
 1004 02d8 38000000 		.4byte	.LASF19
 1005 02dc 01       		.byte	0x1
 1006 02dd 1E       		.byte	0x1e
 1007 02de 81000000 		.4byte	0x81
 1008 02e2 19       		.uleb128 0x19
 1009 02e3 FC020000 		.4byte	.LASF26
 1010 02e7 01       		.byte	0x1
 1011 02e8 1F       		.byte	0x1f
 1012 02e9 8C000000 		.4byte	0x8c
 1013 02ed 00       		.byte	0
 1014 02ee 1A       		.uleb128 0x1a
 1015 02ef B3020000 		.4byte	0x2b3
 1016 02f3 00000000 		.4byte	.LFB0
 1017 02f7 48000000 		.4byte	.LFE0-.LFB0
 1018 02fb 01       		.uleb128 0x1
 1019 02fc 9C       		.byte	0x9c
 1020 02fd 2F030000 		.4byte	0x32f
 1021 0301 0B       		.uleb128 0xb
 1022 0302 C3020000 		.4byte	0x2c3
 1023 0306 A8010000 		.4byte	.LLST0
 1024 030a 1B       		.uleb128 0x1b
 1025 030b CC020000 		.4byte	0x2cc
 1026 030f E2010000 		.4byte	.LLST1
ARM GAS  C:\Users\mathi\AppData\Local\Temp\ccKNUepx.s 			page 19


 1027 0313 1B       		.uleb128 0x1b
 1028 0314 D7020000 		.4byte	0x2d7
 1029 0318 1C020000 		.4byte	.LLST2
 1030 031c 1B       		.uleb128 0x1b
 1031 031d E2020000 		.4byte	0x2e2
 1032 0321 50020000 		.4byte	.LLST3
 1033 0325 0F       		.uleb128 0xf
 1034 0326 44000000 		.4byte	.LVL12
 1035 032a 82030000 		.4byte	0x382
 1036 032e 00       		.byte	0
 1037 032f 1A       		.uleb128 0x1a
 1038 0330 A9000000 		.4byte	0xa9
 1039 0334 00000000 		.4byte	.LFB8
 1040 0338 64000000 		.4byte	.LFE8-.LFB8
 1041 033c 01       		.uleb128 0x1
 1042 033d 9C       		.byte	0x9c
 1043 033e 82030000 		.4byte	0x382
 1044 0342 0B       		.uleb128 0xb
 1045 0343 B5000000 		.4byte	0xb5
 1046 0347 BC020000 		.4byte	.LLST15
 1047 034b 0E       		.uleb128 0xe
 1048 034c 6D020000 		.4byte	0x26d
 1049 0350 04000000 		.4byte	.LBB80
 1050 0354 10010000 		.4byte	.Ldebug_ranges0+0x110
 1051 0358 01       		.byte	0x1
 1052 0359 72       		.byte	0x72
 1053 035a 0E       		.uleb128 0xe
 1054 035b 65020000 		.4byte	0x265
 1055 035f 08000000 		.4byte	.LBB83
 1056 0363 28010000 		.4byte	.Ldebug_ranges0+0x128
 1057 0367 01       		.byte	0x1
 1058 0368 74       		.byte	0x74
 1059 0369 0E       		.uleb128 0xe
 1060 036a 65020000 		.4byte	0x265
 1061 036e 1E000000 		.4byte	.LBB88
 1062 0372 40010000 		.4byte	.Ldebug_ranges0+0x140
 1063 0376 01       		.byte	0x1
 1064 0377 7B       		.byte	0x7b
 1065 0378 0F       		.uleb128 0xf
 1066 0379 58000000 		.4byte	.LVL40
 1067 037d 82030000 		.4byte	0x382
 1068 0381 00       		.byte	0
 1069 0382 1C       		.uleb128 0x1c
 1070 0383 12010000 		.4byte	.LASF33
 1071 0387 12010000 		.4byte	.LASF33
 1072 038b 00       		.byte	0
 1073              		.section	.debug_abbrev,"",%progbits
 1074              	.Ldebug_abbrev0:
 1075 0000 01       		.uleb128 0x1
 1076 0001 11       		.uleb128 0x11
 1077 0002 01       		.byte	0x1
 1078 0003 25       		.uleb128 0x25
 1079 0004 0E       		.uleb128 0xe
 1080 0005 13       		.uleb128 0x13
 1081 0006 0B       		.uleb128 0xb
 1082 0007 03       		.uleb128 0x3
 1083 0008 0E       		.uleb128 0xe
ARM GAS  C:\Users\mathi\AppData\Local\Temp\ccKNUepx.s 			page 20


 1084 0009 1B       		.uleb128 0x1b
 1085 000a 0E       		.uleb128 0xe
 1086 000b 55       		.uleb128 0x55
 1087 000c 17       		.uleb128 0x17
 1088 000d 11       		.uleb128 0x11
 1089 000e 01       		.uleb128 0x1
 1090 000f 10       		.uleb128 0x10
 1091 0010 17       		.uleb128 0x17
 1092 0011 00       		.byte	0
 1093 0012 00       		.byte	0
 1094 0013 02       		.uleb128 0x2
 1095 0014 24       		.uleb128 0x24
 1096 0015 00       		.byte	0
 1097 0016 0B       		.uleb128 0xb
 1098 0017 0B       		.uleb128 0xb
 1099 0018 3E       		.uleb128 0x3e
 1100 0019 0B       		.uleb128 0xb
 1101 001a 03       		.uleb128 0x3
 1102 001b 0E       		.uleb128 0xe
 1103 001c 00       		.byte	0
 1104 001d 00       		.byte	0
 1105 001e 03       		.uleb128 0x3
 1106 001f 16       		.uleb128 0x16
 1107 0020 00       		.byte	0
 1108 0021 03       		.uleb128 0x3
 1109 0022 0E       		.uleb128 0xe
 1110 0023 3A       		.uleb128 0x3a
 1111 0024 0B       		.uleb128 0xb
 1112 0025 3B       		.uleb128 0x3b
 1113 0026 0B       		.uleb128 0xb
 1114 0027 49       		.uleb128 0x49
 1115 0028 13       		.uleb128 0x13
 1116 0029 00       		.byte	0
 1117 002a 00       		.byte	0
 1118 002b 04       		.uleb128 0x4
 1119 002c 24       		.uleb128 0x24
 1120 002d 00       		.byte	0
 1121 002e 0B       		.uleb128 0xb
 1122 002f 0B       		.uleb128 0xb
 1123 0030 3E       		.uleb128 0x3e
 1124 0031 0B       		.uleb128 0xb
 1125 0032 03       		.uleb128 0x3
 1126 0033 08       		.uleb128 0x8
 1127 0034 00       		.byte	0
 1128 0035 00       		.byte	0
 1129 0036 05       		.uleb128 0x5
 1130 0037 2E       		.uleb128 0x2e
 1131 0038 01       		.byte	0x1
 1132 0039 3F       		.uleb128 0x3f
 1133 003a 19       		.uleb128 0x19
 1134 003b 03       		.uleb128 0x3
 1135 003c 0E       		.uleb128 0xe
 1136 003d 3A       		.uleb128 0x3a
 1137 003e 0B       		.uleb128 0xb
 1138 003f 3B       		.uleb128 0x3b
 1139 0040 0B       		.uleb128 0xb
 1140 0041 27       		.uleb128 0x27
ARM GAS  C:\Users\mathi\AppData\Local\Temp\ccKNUepx.s 			page 21


 1141 0042 19       		.uleb128 0x19
 1142 0043 20       		.uleb128 0x20
 1143 0044 0B       		.uleb128 0xb
 1144 0045 01       		.uleb128 0x1
 1145 0046 13       		.uleb128 0x13
 1146 0047 00       		.byte	0
 1147 0048 00       		.byte	0
 1148 0049 06       		.uleb128 0x6
 1149 004a 05       		.uleb128 0x5
 1150 004b 00       		.byte	0
 1151 004c 03       		.uleb128 0x3
 1152 004d 0E       		.uleb128 0xe
 1153 004e 3A       		.uleb128 0x3a
 1154 004f 0B       		.uleb128 0xb
 1155 0050 3B       		.uleb128 0x3b
 1156 0051 0B       		.uleb128 0xb
 1157 0052 49       		.uleb128 0x49
 1158 0053 13       		.uleb128 0x13
 1159 0054 00       		.byte	0
 1160 0055 00       		.byte	0
 1161 0056 07       		.uleb128 0x7
 1162 0057 2E       		.uleb128 0x2e
 1163 0058 01       		.byte	0x1
 1164 0059 3F       		.uleb128 0x3f
 1165 005a 19       		.uleb128 0x19
 1166 005b 03       		.uleb128 0x3
 1167 005c 0E       		.uleb128 0xe
 1168 005d 3A       		.uleb128 0x3a
 1169 005e 0B       		.uleb128 0xb
 1170 005f 3B       		.uleb128 0x3b
 1171 0060 0B       		.uleb128 0xb
 1172 0061 27       		.uleb128 0x27
 1173 0062 19       		.uleb128 0x19
 1174 0063 11       		.uleb128 0x11
 1175 0064 01       		.uleb128 0x1
 1176 0065 12       		.uleb128 0x12
 1177 0066 06       		.uleb128 0x6
 1178 0067 40       		.uleb128 0x40
 1179 0068 18       		.uleb128 0x18
 1180 0069 9742     		.uleb128 0x2117
 1181 006b 19       		.uleb128 0x19
 1182 006c 01       		.uleb128 0x1
 1183 006d 13       		.uleb128 0x13
 1184 006e 00       		.byte	0
 1185 006f 00       		.byte	0
 1186 0070 08       		.uleb128 0x8
 1187 0071 05       		.uleb128 0x5
 1188 0072 00       		.byte	0
 1189 0073 03       		.uleb128 0x3
 1190 0074 0E       		.uleb128 0xe
 1191 0075 3A       		.uleb128 0x3a
 1192 0076 0B       		.uleb128 0xb
 1193 0077 3B       		.uleb128 0x3b
 1194 0078 0B       		.uleb128 0xb
 1195 0079 49       		.uleb128 0x49
 1196 007a 13       		.uleb128 0x13
 1197 007b 02       		.uleb128 0x2
ARM GAS  C:\Users\mathi\AppData\Local\Temp\ccKNUepx.s 			page 22


 1198 007c 17       		.uleb128 0x17
 1199 007d 00       		.byte	0
 1200 007e 00       		.byte	0
 1201 007f 09       		.uleb128 0x9
 1202 0080 34       		.uleb128 0x34
 1203 0081 00       		.byte	0
 1204 0082 03       		.uleb128 0x3
 1205 0083 0E       		.uleb128 0xe
 1206 0084 3A       		.uleb128 0x3a
 1207 0085 0B       		.uleb128 0xb
 1208 0086 3B       		.uleb128 0x3b
 1209 0087 0B       		.uleb128 0xb
 1210 0088 49       		.uleb128 0x49
 1211 0089 13       		.uleb128 0x13
 1212 008a 02       		.uleb128 0x2
 1213 008b 17       		.uleb128 0x17
 1214 008c 00       		.byte	0
 1215 008d 00       		.byte	0
 1216 008e 0A       		.uleb128 0xa
 1217 008f 1D       		.uleb128 0x1d
 1218 0090 01       		.byte	0x1
 1219 0091 31       		.uleb128 0x31
 1220 0092 13       		.uleb128 0x13
 1221 0093 52       		.uleb128 0x52
 1222 0094 01       		.uleb128 0x1
 1223 0095 55       		.uleb128 0x55
 1224 0096 17       		.uleb128 0x17
 1225 0097 58       		.uleb128 0x58
 1226 0098 0B       		.uleb128 0xb
 1227 0099 59       		.uleb128 0x59
 1228 009a 0B       		.uleb128 0xb
 1229 009b 01       		.uleb128 0x1
 1230 009c 13       		.uleb128 0x13
 1231 009d 00       		.byte	0
 1232 009e 00       		.byte	0
 1233 009f 0B       		.uleb128 0xb
 1234 00a0 05       		.uleb128 0x5
 1235 00a1 00       		.byte	0
 1236 00a2 31       		.uleb128 0x31
 1237 00a3 13       		.uleb128 0x13
 1238 00a4 02       		.uleb128 0x2
 1239 00a5 17       		.uleb128 0x17
 1240 00a6 00       		.byte	0
 1241 00a7 00       		.byte	0
 1242 00a8 0C       		.uleb128 0xc
 1243 00a9 0B       		.uleb128 0xb
 1244 00aa 01       		.byte	0x1
 1245 00ab 55       		.uleb128 0x55
 1246 00ac 17       		.uleb128 0x17
 1247 00ad 00       		.byte	0
 1248 00ae 00       		.byte	0
 1249 00af 0D       		.uleb128 0xd
 1250 00b0 34       		.uleb128 0x34
 1251 00b1 00       		.byte	0
 1252 00b2 31       		.uleb128 0x31
 1253 00b3 13       		.uleb128 0x13
 1254 00b4 00       		.byte	0
ARM GAS  C:\Users\mathi\AppData\Local\Temp\ccKNUepx.s 			page 23


 1255 00b5 00       		.byte	0
 1256 00b6 0E       		.uleb128 0xe
 1257 00b7 1D       		.uleb128 0x1d
 1258 00b8 00       		.byte	0
 1259 00b9 31       		.uleb128 0x31
 1260 00ba 13       		.uleb128 0x13
 1261 00bb 52       		.uleb128 0x52
 1262 00bc 01       		.uleb128 0x1
 1263 00bd 55       		.uleb128 0x55
 1264 00be 17       		.uleb128 0x17
 1265 00bf 58       		.uleb128 0x58
 1266 00c0 0B       		.uleb128 0xb
 1267 00c1 59       		.uleb128 0x59
 1268 00c2 0B       		.uleb128 0xb
 1269 00c3 00       		.byte	0
 1270 00c4 00       		.byte	0
 1271 00c5 0F       		.uleb128 0xf
 1272 00c6 898201   		.uleb128 0x4109
 1273 00c9 00       		.byte	0
 1274 00ca 11       		.uleb128 0x11
 1275 00cb 01       		.uleb128 0x1
 1276 00cc 31       		.uleb128 0x31
 1277 00cd 13       		.uleb128 0x13
 1278 00ce 00       		.byte	0
 1279 00cf 00       		.byte	0
 1280 00d0 10       		.uleb128 0x10
 1281 00d1 0F       		.uleb128 0xf
 1282 00d2 00       		.byte	0
 1283 00d3 0B       		.uleb128 0xb
 1284 00d4 0B       		.uleb128 0xb
 1285 00d5 00       		.byte	0
 1286 00d6 00       		.byte	0
 1287 00d7 11       		.uleb128 0x11
 1288 00d8 05       		.uleb128 0x5
 1289 00d9 00       		.byte	0
 1290 00da 03       		.uleb128 0x3
 1291 00db 08       		.uleb128 0x8
 1292 00dc 3A       		.uleb128 0x3a
 1293 00dd 0B       		.uleb128 0xb
 1294 00de 3B       		.uleb128 0x3b
 1295 00df 0B       		.uleb128 0xb
 1296 00e0 49       		.uleb128 0x49
 1297 00e1 13       		.uleb128 0x13
 1298 00e2 02       		.uleb128 0x2
 1299 00e3 17       		.uleb128 0x17
 1300 00e4 00       		.byte	0
 1301 00e5 00       		.byte	0
 1302 00e6 12       		.uleb128 0x12
 1303 00e7 34       		.uleb128 0x34
 1304 00e8 00       		.byte	0
 1305 00e9 03       		.uleb128 0x3
 1306 00ea 08       		.uleb128 0x8
 1307 00eb 3A       		.uleb128 0x3a
 1308 00ec 0B       		.uleb128 0xb
 1309 00ed 3B       		.uleb128 0x3b
 1310 00ee 0B       		.uleb128 0xb
 1311 00ef 49       		.uleb128 0x49
ARM GAS  C:\Users\mathi\AppData\Local\Temp\ccKNUepx.s 			page 24


 1312 00f0 13       		.uleb128 0x13
 1313 00f1 02       		.uleb128 0x2
 1314 00f2 17       		.uleb128 0x17
 1315 00f3 00       		.byte	0
 1316 00f4 00       		.byte	0
 1317 00f5 13       		.uleb128 0x13
 1318 00f6 0F       		.uleb128 0xf
 1319 00f7 00       		.byte	0
 1320 00f8 0B       		.uleb128 0xb
 1321 00f9 0B       		.uleb128 0xb
 1322 00fa 49       		.uleb128 0x49
 1323 00fb 13       		.uleb128 0x13
 1324 00fc 00       		.byte	0
 1325 00fd 00       		.byte	0
 1326 00fe 14       		.uleb128 0x14
 1327 00ff 26       		.uleb128 0x26
 1328 0100 00       		.byte	0
 1329 0101 00       		.byte	0
 1330 0102 00       		.byte	0
 1331 0103 15       		.uleb128 0x15
 1332 0104 2E       		.uleb128 0x2e
 1333 0105 01       		.byte	0x1
 1334 0106 03       		.uleb128 0x3
 1335 0107 0E       		.uleb128 0xe
 1336 0108 3A       		.uleb128 0x3a
 1337 0109 0B       		.uleb128 0xb
 1338 010a 3B       		.uleb128 0x3b
 1339 010b 0B       		.uleb128 0xb
 1340 010c 27       		.uleb128 0x27
 1341 010d 19       		.uleb128 0x19
 1342 010e 20       		.uleb128 0x20
 1343 010f 0B       		.uleb128 0xb
 1344 0110 01       		.uleb128 0x1
 1345 0111 13       		.uleb128 0x13
 1346 0112 00       		.byte	0
 1347 0113 00       		.byte	0
 1348 0114 16       		.uleb128 0x16
 1349 0115 2E       		.uleb128 0x2e
 1350 0116 00       		.byte	0
 1351 0117 03       		.uleb128 0x3
 1352 0118 0E       		.uleb128 0xe
 1353 0119 3A       		.uleb128 0x3a
 1354 011a 0B       		.uleb128 0xb
 1355 011b 3B       		.uleb128 0x3b
 1356 011c 0B       		.uleb128 0xb
 1357 011d 27       		.uleb128 0x27
 1358 011e 19       		.uleb128 0x19
 1359 011f 20       		.uleb128 0x20
 1360 0120 0B       		.uleb128 0xb
 1361 0121 00       		.byte	0
 1362 0122 00       		.byte	0
 1363 0123 17       		.uleb128 0x17
 1364 0124 2E       		.uleb128 0x2e
 1365 0125 01       		.byte	0x1
 1366 0126 3F       		.uleb128 0x3f
 1367 0127 19       		.uleb128 0x19
 1368 0128 03       		.uleb128 0x3
ARM GAS  C:\Users\mathi\AppData\Local\Temp\ccKNUepx.s 			page 25


 1369 0129 0E       		.uleb128 0xe
 1370 012a 3A       		.uleb128 0x3a
 1371 012b 0B       		.uleb128 0xb
 1372 012c 3B       		.uleb128 0x3b
 1373 012d 0B       		.uleb128 0xb
 1374 012e 27       		.uleb128 0x27
 1375 012f 19       		.uleb128 0x19
 1376 0130 49       		.uleb128 0x49
 1377 0131 13       		.uleb128 0x13
 1378 0132 20       		.uleb128 0x20
 1379 0133 0B       		.uleb128 0xb
 1380 0134 01       		.uleb128 0x1
 1381 0135 13       		.uleb128 0x13
 1382 0136 00       		.byte	0
 1383 0137 00       		.byte	0
 1384 0138 18       		.uleb128 0x18
 1385 0139 05       		.uleb128 0x5
 1386 013a 00       		.byte	0
 1387 013b 03       		.uleb128 0x3
 1388 013c 08       		.uleb128 0x8
 1389 013d 3A       		.uleb128 0x3a
 1390 013e 0B       		.uleb128 0xb
 1391 013f 3B       		.uleb128 0x3b
 1392 0140 0B       		.uleb128 0xb
 1393 0141 49       		.uleb128 0x49
 1394 0142 13       		.uleb128 0x13
 1395 0143 00       		.byte	0
 1396 0144 00       		.byte	0
 1397 0145 19       		.uleb128 0x19
 1398 0146 34       		.uleb128 0x34
 1399 0147 00       		.byte	0
 1400 0148 03       		.uleb128 0x3
 1401 0149 0E       		.uleb128 0xe
 1402 014a 3A       		.uleb128 0x3a
 1403 014b 0B       		.uleb128 0xb
 1404 014c 3B       		.uleb128 0x3b
 1405 014d 0B       		.uleb128 0xb
 1406 014e 49       		.uleb128 0x49
 1407 014f 13       		.uleb128 0x13
 1408 0150 00       		.byte	0
 1409 0151 00       		.byte	0
 1410 0152 1A       		.uleb128 0x1a
 1411 0153 2E       		.uleb128 0x2e
 1412 0154 01       		.byte	0x1
 1413 0155 31       		.uleb128 0x31
 1414 0156 13       		.uleb128 0x13
 1415 0157 11       		.uleb128 0x11
 1416 0158 01       		.uleb128 0x1
 1417 0159 12       		.uleb128 0x12
 1418 015a 06       		.uleb128 0x6
 1419 015b 40       		.uleb128 0x40
 1420 015c 18       		.uleb128 0x18
 1421 015d 9742     		.uleb128 0x2117
 1422 015f 19       		.uleb128 0x19
 1423 0160 01       		.uleb128 0x1
 1424 0161 13       		.uleb128 0x13
 1425 0162 00       		.byte	0
ARM GAS  C:\Users\mathi\AppData\Local\Temp\ccKNUepx.s 			page 26


 1426 0163 00       		.byte	0
 1427 0164 1B       		.uleb128 0x1b
 1428 0165 34       		.uleb128 0x34
 1429 0166 00       		.byte	0
 1430 0167 31       		.uleb128 0x31
 1431 0168 13       		.uleb128 0x13
 1432 0169 02       		.uleb128 0x2
 1433 016a 17       		.uleb128 0x17
 1434 016b 00       		.byte	0
 1435 016c 00       		.byte	0
 1436 016d 1C       		.uleb128 0x1c
 1437 016e 2E       		.uleb128 0x2e
 1438 016f 00       		.byte	0
 1439 0170 3F       		.uleb128 0x3f
 1440 0171 19       		.uleb128 0x19
 1441 0172 3C       		.uleb128 0x3c
 1442 0173 19       		.uleb128 0x19
 1443 0174 6E       		.uleb128 0x6e
 1444 0175 0E       		.uleb128 0xe
 1445 0176 03       		.uleb128 0x3
 1446 0177 0E       		.uleb128 0xe
 1447 0178 00       		.byte	0
 1448 0179 00       		.byte	0
 1449 017a 00       		.byte	0
 1450              		.section	.debug_loc,"",%progbits
 1451              	.Ldebug_loc0:
 1452              	.LLST11:
 1453 0000 00000000 		.4byte	.LVL24
 1454 0004 1E000000 		.4byte	.LVL28
 1455 0008 0100     		.2byte	0x1
 1456 000a 50       		.byte	0x50
 1457 000b 1E000000 		.4byte	.LVL28
 1458 000f 6E000000 		.4byte	.LVL32
 1459 0013 0400     		.2byte	0x4
 1460 0015 F3       		.byte	0xf3
 1461 0016 01       		.uleb128 0x1
 1462 0017 50       		.byte	0x50
 1463 0018 9F       		.byte	0x9f
 1464 0019 6E000000 		.4byte	.LVL32
 1465 001d 7C000000 		.4byte	.LVL36
 1466 0021 0100     		.2byte	0x1
 1467 0023 50       		.byte	0x50
 1468 0024 7C000000 		.4byte	.LVL36
 1469 0028 8C000000 		.4byte	.LFE7
 1470 002c 0400     		.2byte	0x4
 1471 002e F3       		.byte	0xf3
 1472 002f 01       		.uleb128 0x1
 1473 0030 50       		.byte	0x50
 1474 0031 9F       		.byte	0x9f
 1475 0032 00000000 		.4byte	0
 1476 0036 00000000 		.4byte	0
 1477              	.LLST12:
 1478 003a 2E000000 		.4byte	.LVL30
 1479 003e 46000000 		.4byte	.LVL31
 1480 0042 0600     		.2byte	0x6
 1481 0044 73       		.byte	0x73
 1482 0045 00       		.sleb128 0
ARM GAS  C:\Users\mathi\AppData\Local\Temp\ccKNUepx.s 			page 27


 1483 0046 08       		.byte	0x8
 1484 0047 FF       		.byte	0xff
 1485 0048 1A       		.byte	0x1a
 1486 0049 9F       		.byte	0x9f
 1487 004a 00000000 		.4byte	0
 1488 004e 00000000 		.4byte	0
 1489              	.LLST13:
 1490 0052 0A000000 		.4byte	.LVL25
 1491 0056 1E000000 		.4byte	.LVL28
 1492 005a 0100     		.2byte	0x1
 1493 005c 50       		.byte	0x50
 1494 005d 1E000000 		.4byte	.LVL28
 1495 0061 2E000000 		.4byte	.LVL30
 1496 0065 0400     		.2byte	0x4
 1497 0067 F3       		.byte	0xf3
 1498 0068 01       		.uleb128 0x1
 1499 0069 50       		.byte	0x50
 1500 006a 9F       		.byte	0x9f
 1501 006b 6E000000 		.4byte	.LVL32
 1502 006f 7C000000 		.4byte	.LVL36
 1503 0073 0100     		.2byte	0x1
 1504 0075 50       		.byte	0x50
 1505 0076 00000000 		.4byte	0
 1506 007a 00000000 		.4byte	0
 1507              	.LLST14:
 1508 007e 2E000000 		.4byte	.LVL30
 1509 0082 46000000 		.4byte	.LVL31
 1510 0086 0100     		.2byte	0x1
 1511 0088 53       		.byte	0x53
 1512 0089 00000000 		.4byte	0
 1513 008d 00000000 		.4byte	0
 1514              	.LLST4:
 1515 0091 00000000 		.4byte	.LVL15
 1516 0095 24000000 		.4byte	.LVL17
 1517 0099 0100     		.2byte	0x1
 1518 009b 50       		.byte	0x50
 1519 009c 24000000 		.4byte	.LVL17
 1520 00a0 28000000 		.4byte	.LVL19
 1521 00a4 0300     		.2byte	0x3
 1522 00a6 70       		.byte	0x70
 1523 00a7 01       		.sleb128 1
 1524 00a8 9F       		.byte	0x9f
 1525 00a9 28000000 		.4byte	.LVL19
 1526 00ad 68000000 		.4byte	.LFE6
 1527 00b1 0400     		.2byte	0x4
 1528 00b3 F3       		.byte	0xf3
 1529 00b4 01       		.uleb128 0x1
 1530 00b5 50       		.byte	0x50
 1531 00b6 9F       		.byte	0x9f
 1532 00b7 00000000 		.4byte	0
 1533 00bb 00000000 		.4byte	0
 1534              	.LLST5:
 1535 00bf 00000000 		.4byte	.LVL15
 1536 00c3 28000000 		.4byte	.LVL19
 1537 00c7 0100     		.2byte	0x1
 1538 00c9 51       		.byte	0x51
 1539 00ca 28000000 		.4byte	.LVL19
ARM GAS  C:\Users\mathi\AppData\Local\Temp\ccKNUepx.s 			page 28


 1540 00ce 68000000 		.4byte	.LFE6
 1541 00d2 0400     		.2byte	0x4
 1542 00d4 F3       		.byte	0xf3
 1543 00d5 01       		.uleb128 0x1
 1544 00d6 51       		.byte	0x51
 1545 00d7 9F       		.byte	0x9f
 1546 00d8 00000000 		.4byte	0
 1547 00dc 00000000 		.4byte	0
 1548              	.LLST6:
 1549 00e0 00000000 		.4byte	.LVL15
 1550 00e4 1A000000 		.4byte	.LVL16
 1551 00e8 0100     		.2byte	0x1
 1552 00ea 52       		.byte	0x52
 1553 00eb 1A000000 		.4byte	.LVL16
 1554 00ef 26000000 		.4byte	.LVL18
 1555 00f3 0400     		.2byte	0x4
 1556 00f5 F3       		.byte	0xf3
 1557 00f6 01       		.uleb128 0x1
 1558 00f7 52       		.byte	0x52
 1559 00f8 9F       		.byte	0x9f
 1560 00f9 26000000 		.4byte	.LVL18
 1561 00fd 28000000 		.4byte	.LVL19
 1562 0101 0600     		.2byte	0x6
 1563 0103 F3       		.byte	0xf3
 1564 0104 01       		.uleb128 0x1
 1565 0105 52       		.byte	0x52
 1566 0106 31       		.byte	0x31
 1567 0107 1C       		.byte	0x1c
 1568 0108 9F       		.byte	0x9f
 1569 0109 3E000000 		.4byte	.LVL21
 1570 010d 42000000 		.4byte	.LVL22
 1571 0111 0600     		.2byte	0x6
 1572 0113 F3       		.byte	0xf3
 1573 0114 01       		.uleb128 0x1
 1574 0115 52       		.byte	0x52
 1575 0116 31       		.byte	0x31
 1576 0117 1C       		.byte	0x1c
 1577 0118 9F       		.byte	0x9f
 1578 0119 00000000 		.4byte	0
 1579 011d 00000000 		.4byte	0
 1580              	.LLST7:
 1581 0121 26000000 		.4byte	.LVL18
 1582 0125 2E000000 		.4byte	.LVL20
 1583 0129 0100     		.2byte	0x1
 1584 012b 51       		.byte	0x51
 1585 012c 2E000000 		.4byte	.LVL20
 1586 0130 3E000000 		.4byte	.LVL21
 1587 0134 0300     		.2byte	0x3
 1588 0136 71       		.byte	0x71
 1589 0137 7F       		.sleb128 -1
 1590 0138 9F       		.byte	0x9f
 1591 0139 3E000000 		.4byte	.LVL21
 1592 013d 5B000000 		.4byte	.LVL23-1
 1593 0141 0100     		.2byte	0x1
 1594 0143 51       		.byte	0x51
 1595 0144 00000000 		.4byte	0
 1596 0148 00000000 		.4byte	0
ARM GAS  C:\Users\mathi\AppData\Local\Temp\ccKNUepx.s 			page 29


 1597              	.LLST8:
 1598 014c 26000000 		.4byte	.LVL18
 1599 0150 28000000 		.4byte	.LVL19
 1600 0154 0300     		.2byte	0x3
 1601 0156 70       		.byte	0x70
 1602 0157 01       		.sleb128 1
 1603 0158 9F       		.byte	0x9f
 1604 0159 28000000 		.4byte	.LVL19
 1605 015d 3E000000 		.4byte	.LVL21
 1606 0161 0600     		.2byte	0x6
 1607 0163 F3       		.byte	0xf3
 1608 0164 01       		.uleb128 0x1
 1609 0165 50       		.byte	0x50
 1610 0166 23       		.byte	0x23
 1611 0167 01       		.uleb128 0x1
 1612 0168 9F       		.byte	0x9f
 1613 0169 3E000000 		.4byte	.LVL21
 1614 016d 68000000 		.4byte	.LFE6
 1615 0171 0400     		.2byte	0x4
 1616 0173 F3       		.byte	0xf3
 1617 0174 01       		.uleb128 0x1
 1618 0175 50       		.byte	0x50
 1619 0176 9F       		.byte	0x9f
 1620 0177 00000000 		.4byte	0
 1621 017b 00000000 		.4byte	0
 1622              	.LLST9:
 1623 017f 2E000000 		.4byte	.LVL20
 1624 0183 42000000 		.4byte	.LVL22
 1625 0187 0100     		.2byte	0x1
 1626 0189 57       		.byte	0x57
 1627 018a 00000000 		.4byte	0
 1628 018e 00000000 		.4byte	0
 1629              	.LLST10:
 1630 0192 2E000000 		.4byte	.LVL20
 1631 0196 42000000 		.4byte	.LVL22
 1632 019a 0400     		.2byte	0x4
 1633 019c F3       		.byte	0xf3
 1634 019d 01       		.uleb128 0x1
 1635 019e 50       		.byte	0x50
 1636 019f 9F       		.byte	0x9f
 1637 01a0 00000000 		.4byte	0
 1638 01a4 00000000 		.4byte	0
 1639              	.LLST0:
 1640 01a8 00000000 		.4byte	.LVL0
 1641 01ac 2A000000 		.4byte	.LVL6
 1642 01b0 0100     		.2byte	0x1
 1643 01b2 50       		.byte	0x50
 1644 01b3 2A000000 		.4byte	.LVL6
 1645 01b7 32000000 		.4byte	.LVL7
 1646 01bb 0400     		.2byte	0x4
 1647 01bd F3       		.byte	0xf3
 1648 01be 01       		.uleb128 0x1
 1649 01bf 50       		.byte	0x50
 1650 01c0 9F       		.byte	0x9f
 1651 01c1 32000000 		.4byte	.LVL7
 1652 01c5 40000000 		.4byte	.LVL11
 1653 01c9 0100     		.2byte	0x1
ARM GAS  C:\Users\mathi\AppData\Local\Temp\ccKNUepx.s 			page 30


 1654 01cb 50       		.byte	0x50
 1655 01cc 40000000 		.4byte	.LVL11
 1656 01d0 48000000 		.4byte	.LFE0
 1657 01d4 0400     		.2byte	0x4
 1658 01d6 F3       		.byte	0xf3
 1659 01d7 01       		.uleb128 0x1
 1660 01d8 50       		.byte	0x50
 1661 01d9 9F       		.byte	0x9f
 1662 01da 00000000 		.4byte	0
 1663 01de 00000000 		.4byte	0
 1664              	.LLST1:
 1665 01e2 0A000000 		.4byte	.LVL1
 1666 01e6 2A000000 		.4byte	.LVL6
 1667 01ea 0100     		.2byte	0x1
 1668 01ec 50       		.byte	0x50
 1669 01ed 2A000000 		.4byte	.LVL6
 1670 01f1 32000000 		.4byte	.LVL7
 1671 01f5 0400     		.2byte	0x4
 1672 01f7 F3       		.byte	0xf3
 1673 01f8 01       		.uleb128 0x1
 1674 01f9 50       		.byte	0x50
 1675 01fa 9F       		.byte	0x9f
 1676 01fb 32000000 		.4byte	.LVL7
 1677 01ff 40000000 		.4byte	.LVL11
 1678 0203 0100     		.2byte	0x1
 1679 0205 50       		.byte	0x50
 1680 0206 40000000 		.4byte	.LVL11
 1681 020a 48000000 		.4byte	.LFE0
 1682 020e 0400     		.2byte	0x4
 1683 0210 F3       		.byte	0xf3
 1684 0211 01       		.uleb128 0x1
 1685 0212 50       		.byte	0x50
 1686 0213 9F       		.byte	0x9f
 1687 0214 00000000 		.4byte	0
 1688 0218 00000000 		.4byte	0
 1689              	.LLST2:
 1690 021c 18000000 		.4byte	.LVL3
 1691 0220 24000000 		.4byte	.LVL4
 1692 0224 0100     		.2byte	0x1
 1693 0226 53       		.byte	0x53
 1694 0227 26000000 		.4byte	.LVL5
 1695 022b 32000000 		.4byte	.LVL7
 1696 022f 0100     		.2byte	0x1
 1697 0231 53       		.byte	0x53
 1698 0232 3C000000 		.4byte	.LVL9
 1699 0236 3E000000 		.4byte	.LVL10
 1700 023a 0100     		.2byte	0x1
 1701 023c 53       		.byte	0x53
 1702 023d 40000000 		.4byte	.LVL11
 1703 0241 43000000 		.4byte	.LVL12-1
 1704 0245 0100     		.2byte	0x1
 1705 0247 53       		.byte	0x53
 1706 0248 00000000 		.4byte	0
 1707 024c 00000000 		.4byte	0
 1708              	.LLST3:
 1709 0250 0E000000 		.4byte	.LVL2
 1710 0254 18000000 		.4byte	.LVL3
ARM GAS  C:\Users\mathi\AppData\Local\Temp\ccKNUepx.s 			page 31


 1711 0258 0100     		.2byte	0x1
 1712 025a 53       		.byte	0x53
 1713 025b 18000000 		.4byte	.LVL3
 1714 025f 2A000000 		.4byte	.LVL6
 1715 0263 0900     		.2byte	0x9
 1716 0265 70       		.byte	0x70
 1717 0266 00       		.sleb128 0
 1718 0267 0C       		.byte	0xc
 1719 0268 FFFFFF00 		.4byte	0xffffff
 1720 026c 1A       		.byte	0x1a
 1721 026d 9F       		.byte	0x9f
 1722 026e 2A000000 		.4byte	.LVL6
 1723 0272 32000000 		.4byte	.LVL7
 1724 0276 0A00     		.2byte	0xa
 1725 0278 F3       		.byte	0xf3
 1726 0279 01       		.uleb128 0x1
 1727 027a 50       		.byte	0x50
 1728 027b 0C       		.byte	0xc
 1729 027c FFFFFF00 		.4byte	0xffffff
 1730 0280 1A       		.byte	0x1a
 1731 0281 9F       		.byte	0x9f
 1732 0282 32000000 		.4byte	.LVL7
 1733 0286 3A000000 		.4byte	.LVL8
 1734 028a 0100     		.2byte	0x1
 1735 028c 53       		.byte	0x53
 1736 028d 3A000000 		.4byte	.LVL8
 1737 0291 40000000 		.4byte	.LVL11
 1738 0295 0900     		.2byte	0x9
 1739 0297 70       		.byte	0x70
 1740 0298 00       		.sleb128 0
 1741 0299 0C       		.byte	0xc
 1742 029a FFFFFF00 		.4byte	0xffffff
 1743 029e 1A       		.byte	0x1a
 1744 029f 9F       		.byte	0x9f
 1745 02a0 40000000 		.4byte	.LVL11
 1746 02a4 48000000 		.4byte	.LFE0
 1747 02a8 0A00     		.2byte	0xa
 1748 02aa F3       		.byte	0xf3
 1749 02ab 01       		.uleb128 0x1
 1750 02ac 50       		.byte	0x50
 1751 02ad 0C       		.byte	0xc
 1752 02ae FFFFFF00 		.4byte	0xffffff
 1753 02b2 1A       		.byte	0x1a
 1754 02b3 9F       		.byte	0x9f
 1755 02b4 00000000 		.4byte	0
 1756 02b8 00000000 		.4byte	0
 1757              	.LLST15:
 1758 02bc 00000000 		.4byte	.LVL38
 1759 02c0 2C000000 		.4byte	.LVL39
 1760 02c4 0100     		.2byte	0x1
 1761 02c6 50       		.byte	0x50
 1762 02c7 2C000000 		.4byte	.LVL39
 1763 02cb 64000000 		.4byte	.LFE8
 1764 02cf 0400     		.2byte	0x4
 1765 02d1 F3       		.byte	0xf3
 1766 02d2 01       		.uleb128 0x1
 1767 02d3 50       		.byte	0x50
ARM GAS  C:\Users\mathi\AppData\Local\Temp\ccKNUepx.s 			page 32


 1768 02d4 9F       		.byte	0x9f
 1769 02d5 00000000 		.4byte	0
 1770 02d9 00000000 		.4byte	0
 1771              		.section	.debug_aranges,"",%progbits
 1772 0000 44000000 		.4byte	0x44
 1773 0004 0200     		.2byte	0x2
 1774 0006 00000000 		.4byte	.Ldebug_info0
 1775 000a 04       		.byte	0x4
 1776 000b 00       		.byte	0
 1777 000c 0000     		.2byte	0
 1778 000e 0000     		.2byte	0
 1779 0010 00000000 		.4byte	.LFB0
 1780 0014 48000000 		.4byte	.LFE0-.LFB0
 1781 0018 00000000 		.4byte	.LFB1
 1782 001c 30000000 		.4byte	.LFE1-.LFB1
 1783 0020 00000000 		.4byte	.LFB2
 1784 0024 44000000 		.4byte	.LFE2-.LFB2
 1785 0028 00000000 		.4byte	.LFB6
 1786 002c 68000000 		.4byte	.LFE6-.LFB6
 1787 0030 00000000 		.4byte	.LFB7
 1788 0034 8C000000 		.4byte	.LFE7-.LFB7
 1789 0038 00000000 		.4byte	.LFB8
 1790 003c 64000000 		.4byte	.LFE8-.LFB8
 1791 0040 00000000 		.4byte	0
 1792 0044 00000000 		.4byte	0
 1793              		.section	.debug_ranges,"",%progbits
 1794              	.Ldebug_ranges0:
 1795 0000 04000000 		.4byte	.LBB20
 1796 0004 06000000 		.4byte	.LBE20
 1797 0008 0C000000 		.4byte	.LBB23
 1798 000c 12000000 		.4byte	.LBE23
 1799 0010 00000000 		.4byte	0
 1800 0014 00000000 		.4byte	0
 1801 0018 12000000 		.4byte	.LBB24
 1802 001c 14000000 		.4byte	.LBE24
 1803 0020 16000000 		.4byte	.LBB36
 1804 0024 1E000000 		.4byte	.LBE36
 1805 0028 24000000 		.4byte	.LBB37
 1806 002c 26000000 		.4byte	.LBE37
 1807 0030 00000000 		.4byte	0
 1808 0034 00000000 		.4byte	0
 1809 0038 14000000 		.4byte	.LBB28
 1810 003c 16000000 		.4byte	.LBE28
 1811 0040 28000000 		.4byte	.LBB38
 1812 0044 2A000000 		.4byte	.LBE38
 1813 0048 2E000000 		.4byte	.LBB39
 1814 004c 3E000000 		.4byte	.LBE39
 1815 0050 00000000 		.4byte	0
 1816 0054 00000000 		.4byte	0
 1817 0058 14000000 		.4byte	.LBB30
 1818 005c 16000000 		.4byte	.LBE30
 1819 0060 38000000 		.4byte	.LBB33
 1820 0064 3E000000 		.4byte	.LBE33
 1821 0068 00000000 		.4byte	0
 1822 006c 00000000 		.4byte	0
 1823 0070 0A000000 		.4byte	.LBB50
 1824 0074 1C000000 		.4byte	.LBE50
ARM GAS  C:\Users\mathi\AppData\Local\Temp\ccKNUepx.s 			page 33


 1825 0078 22000000 		.4byte	.LBB75
 1826 007c 26000000 		.4byte	.LBE75
 1827 0080 2A000000 		.4byte	.LBB77
 1828 0084 2E000000 		.4byte	.LBE77
 1829 0088 6E000000 		.4byte	.LBB79
 1830 008c 7C000000 		.4byte	.LBE79
 1831 0090 00000000 		.4byte	0
 1832 0094 00000000 		.4byte	0
 1833 0098 1C000000 		.4byte	.LBB55
 1834 009c 22000000 		.4byte	.LBE55
 1835 00a0 26000000 		.4byte	.LBB76
 1836 00a4 2A000000 		.4byte	.LBE76
 1837 00a8 2E000000 		.4byte	.LBB78
 1838 00ac 62000000 		.4byte	.LBE78
 1839 00b0 00000000 		.4byte	0
 1840 00b4 00000000 		.4byte	0
 1841 00b8 1C000000 		.4byte	.LBB57
 1842 00bc 1E000000 		.4byte	.LBE57
 1843 00c0 20000000 		.4byte	.LBB65
 1844 00c4 22000000 		.4byte	.LBE65
 1845 00c8 26000000 		.4byte	.LBB66
 1846 00cc 2A000000 		.4byte	.LBE66
 1847 00d0 2E000000 		.4byte	.LBB67
 1848 00d4 30000000 		.4byte	.LBE67
 1849 00d8 00000000 		.4byte	0
 1850 00dc 00000000 		.4byte	0
 1851 00e0 1E000000 		.4byte	.LBB62
 1852 00e4 20000000 		.4byte	.LBE62
 1853 00e8 30000000 		.4byte	.LBB68
 1854 00ec 36000000 		.4byte	.LBE68
 1855 00f0 00000000 		.4byte	0
 1856 00f4 00000000 		.4byte	0
 1857 00f8 38000000 		.4byte	.LBB69
 1858 00fc 3A000000 		.4byte	.LBE69
 1859 0100 5C000000 		.4byte	.LBB72
 1860 0104 62000000 		.4byte	.LBE72
 1861 0108 00000000 		.4byte	0
 1862 010c 00000000 		.4byte	0
 1863 0110 04000000 		.4byte	.LBB80
 1864 0114 06000000 		.4byte	.LBE80
 1865 0118 0E000000 		.4byte	.LBB86
 1866 011c 16000000 		.4byte	.LBE86
 1867 0120 00000000 		.4byte	0
 1868 0124 00000000 		.4byte	0
 1869 0128 08000000 		.4byte	.LBB83
 1870 012c 0A000000 		.4byte	.LBE83
 1871 0130 16000000 		.4byte	.LBB87
 1872 0134 1C000000 		.4byte	.LBE87
 1873 0138 00000000 		.4byte	0
 1874 013c 00000000 		.4byte	0
 1875 0140 1E000000 		.4byte	.LBB88
 1876 0144 20000000 		.4byte	.LBE88
 1877 0148 42000000 		.4byte	.LBB91
 1878 014c 48000000 		.4byte	.LBE91
 1879 0150 00000000 		.4byte	0
 1880 0154 00000000 		.4byte	0
 1881 0158 00000000 		.4byte	.LFB0
ARM GAS  C:\Users\mathi\AppData\Local\Temp\ccKNUepx.s 			page 34


 1882 015c 48000000 		.4byte	.LFE0
 1883 0160 00000000 		.4byte	.LFB1
 1884 0164 30000000 		.4byte	.LFE1
 1885 0168 00000000 		.4byte	.LFB2
 1886 016c 44000000 		.4byte	.LFE2
 1887 0170 00000000 		.4byte	.LFB6
 1888 0174 68000000 		.4byte	.LFE6
 1889 0178 00000000 		.4byte	.LFB7
 1890 017c 8C000000 		.4byte	.LFE7
 1891 0180 00000000 		.4byte	.LFB8
 1892 0184 64000000 		.4byte	.LFE8
 1893 0188 00000000 		.4byte	0
 1894 018c 00000000 		.4byte	0
 1895              		.section	.debug_line,"",%progbits
 1896              	.Ldebug_line0:
 1897 0000 9A020000 		.section	.debug_str,"MS",%progbits,1
 1897      02009501 
 1897      00000201 
 1897      FB0E0D00 
 1897      01010101 
 1898              	.LASF5:
 1899 0000 5F5F7569 		.ascii	"__uint8_t\000"
 1899      6E74385F 
 1899      7400
 1900              	.LASF13:
 1901 000a 73697A65 		.ascii	"size_t\000"
 1901      5F7400
 1902              	.LASF31:
 1903 0011 666C6173 		.ascii	"flash_write_byte\000"
 1903      685F7772 
 1903      6974655F 
 1903      62797465 
 1903      00
 1904              	.LASF22:
 1905 0022 666C6173 		.ascii	"flash_wait_while_busy\000"
 1905      685F7761 
 1905      69745F77 
 1905      68696C65 
 1905      5F627573 
 1906              	.LASF19:
 1907 0038 73656374 		.ascii	"sector\000"
 1907      6F7200
 1908              	.LASF15:
 1909 003f 666C6173 		.ascii	"flash_sector_erase\000"
 1909      685F7365 
 1909      63746F72 
 1909      5F657261 
 1909      736500
 1910              	.LASF11:
 1911 0052 75696E74 		.ascii	"uint8_t\000"
 1911      385F7400 
 1912              	.LASF32:
 1913 005a 666C6173 		.ascii	"flash_addr_to_sector\000"
 1913      685F6164 
 1913      64725F74 
 1913      6F5F7365 
 1913      63746F72 
ARM GAS  C:\Users\mathi\AppData\Local\Temp\ccKNUepx.s 			page 35


 1914              	.LASF21:
 1915 006f 62797465 		.ascii	"byte\000"
 1915      00
 1916              	.LASF17:
 1917 0074 61646472 		.ascii	"addr\000"
 1917      00
 1918              	.LASF29:
 1919 0079 433A5C55 		.ascii	"C:\\Users\\mathi\\Documents\\robotique\\robotics_pr"
 1919      73657273 
 1919      5C6D6174 
 1919      68695C44 
 1919      6F63756D 
 1920 00a7 6F6A6563 		.ascii	"oject\\robotics_project\\robotics_project\000"
 1920      745C726F 
 1920      626F7469 
 1920      63735F70 
 1920      726F6A65 
 1921              	.LASF18:
 1922 00cf 64617461 		.ascii	"data\000"
 1922      00
 1923              	.LASF1:
 1924 00d4 756E7369 		.ascii	"unsigned char\000"
 1924      676E6564 
 1924      20636861 
 1924      7200
 1925              	.LASF7:
 1926 00e2 6C6F6E67 		.ascii	"long unsigned int\000"
 1926      20756E73 
 1926      69676E65 
 1926      6420696E 
 1926      7400
 1927              	.LASF3:
 1928 00f4 73686F72 		.ascii	"short unsigned int\000"
 1928      7420756E 
 1928      7369676E 
 1928      65642069 
 1928      6E7400
 1929              	.LASF25:
 1930 0107 666C6173 		.ascii	"flash_lock\000"
 1930      685F6C6F 
 1930      636B00
 1931              	.LASF33:
 1932 0112 5F5F7374 		.ascii	"__stack_chk_fail\000"
 1932      61636B5F 
 1932      63686B5F 
 1932      6661696C 
 1932      00
 1933              	.LASF23:
 1934 0123 666C6173 		.ascii	"flash_set_parallelism_8x\000"
 1934      685F7365 
 1934      745F7061 
 1934      72616C6C 
 1934      656C6973 
 1935              	.LASF16:
 1936 013c 666C6173 		.ascii	"flash_write\000"
 1936      685F7772 
 1936      69746500 
ARM GAS  C:\Users\mathi\AppData\Local\Temp\ccKNUepx.s 			page 36


 1937              	.LASF6:
 1938 0148 5F5F7569 		.ascii	"__uint32_t\000"
 1938      6E743332 
 1938      5F7400
 1939              	.LASF27:
 1940 0153 474E5520 		.ascii	"GNU C11 7.2.1 20170904 (release) [ARM/embedded-7-br"
 1940      43313120 
 1940      372E322E 
 1940      31203230 
 1940      31373039 
 1941 0186 616E6368 		.ascii	"anch revision 255204] -mcpu=cortex-m4 -mfloat-abi=h"
 1941      20726576 
 1941      6973696F 
 1941      6E203235 
 1941      35323034 
 1942 01b9 61726420 		.ascii	"ard -mfpu=fpv4-sp-d16 -mno-thumb-interwork -mthumb "
 1942      2D6D6670 
 1942      753D6670 
 1942      76342D73 
 1942      702D6431 
 1943 01ec 2D676764 		.ascii	"-ggdb -O3 -fomit-frame-pointer -falign-functions=16"
 1943      62202D4F 
 1943      33202D66 
 1943      6F6D6974 
 1943      2D667261 
 1944 021f 202D666E 		.ascii	" -fno-strict-aliasing -fstack-protector-all -ffunct"
 1944      6F2D7374 
 1944      72696374 
 1944      2D616C69 
 1944      6173696E 
 1945 0252 696F6E2D 		.ascii	"ion-sections -fdata-sections -fno-common -fsingle-p"
 1945      73656374 
 1945      696F6E73 
 1945      202D6664 
 1945      6174612D 
 1946 0285 72656369 		.ascii	"recision-constant\000"
 1946      73696F6E 
 1946      2D636F6E 
 1946      7374616E 
 1946      7400
 1947              	.LASF10:
 1948 0297 756E7369 		.ascii	"unsigned int\000"
 1948      676E6564 
 1948      20696E74 
 1948      00
 1949              	.LASF9:
 1950 02a4 6C6F6E67 		.ascii	"long long unsigned int\000"
 1950      206C6F6E 
 1950      6720756E 
 1950      7369676E 
 1950      65642069 
 1951              	.LASF28:
 1952 02bb 2E2E2F2E 		.ascii	"../../lib/e-puck2_main-processor/src/flash/flash.c\000"
 1952      2E2F6C69 
 1952      622F652D 
 1952      7075636B 
 1952      325F6D61 
ARM GAS  C:\Users\mathi\AppData\Local\Temp\ccKNUepx.s 			page 37


 1953              	.LASF8:
 1954 02ee 6C6F6E67 		.ascii	"long long int\000"
 1954      206C6F6E 
 1954      6720696E 
 1954      7400
 1955              	.LASF26:
 1956 02fc 6F666673 		.ascii	"offset\000"
 1956      657400
 1957              	.LASF2:
 1958 0303 73686F72 		.ascii	"short int\000"
 1958      7420696E 
 1958      7400
 1959              	.LASF20:
 1960 030d 666C6173 		.ascii	"flash\000"
 1960      6800
 1961              	.LASF30:
 1962 0313 666C6173 		.ascii	"flash_sector_erase_number\000"
 1962      685F7365 
 1962      63746F72 
 1962      5F657261 
 1962      73655F6E 
 1963              	.LASF12:
 1964 032d 75696E74 		.ascii	"uint32_t\000"
 1964      33325F74 
 1964      00
 1965              	.LASF4:
 1966 0336 6C6F6E67 		.ascii	"long int\000"
 1966      20696E74 
 1966      00
 1967              	.LASF14:
 1968 033f 6C6F6E67 		.ascii	"long double\000"
 1968      20646F75 
 1968      626C6500 
 1969              	.LASF0:
 1970 034b 7369676E 		.ascii	"signed char\000"
 1970      65642063 
 1970      68617200 
 1971              	.LASF24:
 1972 0357 666C6173 		.ascii	"flash_unlock\000"
 1972      685F756E 
 1972      6C6F636B 
 1972      00
 1973              		.ident	"GCC: (GNU Tools for Arm Embedded Processors 7-2017-q4-major) 7.2.1 20170904 (release) [ARM
ARM GAS  C:\Users\mathi\AppData\Local\Temp\ccKNUepx.s 			page 38


DEFINED SYMBOLS
                            *ABS*:00000000 flash.c
C:\Users\mathi\AppData\Local\Temp\ccKNUepx.s:18     .text.flash_addr_to_sector:00000000 $t
C:\Users\mathi\AppData\Local\Temp\ccKNUepx.s:26     .text.flash_addr_to_sector:00000000 flash_addr_to_sector
C:\Users\mathi\AppData\Local\Temp\ccKNUepx.s:98     .text.flash_addr_to_sector:00000044 $d
C:\Users\mathi\AppData\Local\Temp\ccKNUepx.s:103    .text.flash_lock:00000000 $t
C:\Users\mathi\AppData\Local\Temp\ccKNUepx.s:111    .text.flash_lock:00000000 flash_lock
C:\Users\mathi\AppData\Local\Temp\ccKNUepx.s:150    .text.flash_lock:00000028 $d
C:\Users\mathi\AppData\Local\Temp\ccKNUepx.s:156    .text.flash_unlock:00000000 $t
C:\Users\mathi\AppData\Local\Temp\ccKNUepx.s:164    .text.flash_unlock:00000000 flash_unlock
C:\Users\mathi\AppData\Local\Temp\ccKNUepx.s:215    .text.flash_unlock:00000030 $d
C:\Users\mathi\AppData\Local\Temp\ccKNUepx.s:224    .text.flash_write:00000000 $t
C:\Users\mathi\AppData\Local\Temp\ccKNUepx.s:232    .text.flash_write:00000000 flash_write
C:\Users\mathi\AppData\Local\Temp\ccKNUepx.s:363    .text.flash_write:0000005c $d
C:\Users\mathi\AppData\Local\Temp\ccKNUepx.s:370    .text.flash_sector_erase:00000000 $t
C:\Users\mathi\AppData\Local\Temp\ccKNUepx.s:378    .text.flash_sector_erase:00000000 flash_sector_erase
C:\Users\mathi\AppData\Local\Temp\ccKNUepx.s:553    .text.flash_sector_erase:00000080 $d
C:\Users\mathi\AppData\Local\Temp\ccKNUepx.s:560    .text.flash_sector_erase_number:00000000 $t
C:\Users\mathi\AppData\Local\Temp\ccKNUepx.s:568    .text.flash_sector_erase_number:00000000 flash_sector_erase_number
C:\Users\mathi\AppData\Local\Temp\ccKNUepx.s:669    .text.flash_sector_erase_number:00000058 $d

UNDEFINED SYMBOLS
__stack_chk_fail
__stack_chk_guard
